[2023-05-15 16:50:31] This is codeql database create ptkone --language=csharp
[2023-05-15 16:50:31] Log file was started late.
[2023-05-15 16:50:31] [PROGRESS] database create> Initializing database at C:\ptk-install\codeql-one\dotnet-demo-one\ptkone.
[2023-05-15 16:50:31] Running plumbing command: codeql database init --language=csharp --qlconfig-file=C:\ptk-install\codeql-one\dotnet-demo-one\qlconfig.yml --source-root=C:\ptk-install\codeql-one\dotnet-demo-one --allow-missing-source-root=false --allow-already-existing -- C:\ptk-install\codeql-one\dotnet-demo-one\ptkone
[2023-05-15 16:50:31] Calling plumbing command: codeql resolve languages --format=json
[2023-05-15 16:50:31] [DETAILS] resolve languages> Scanning for [codeql-extractor.yml] from C:\codeql\.codeqlmanifest.json
[2023-05-15 16:50:31] [DETAILS] resolve languages> Parsing C:\codeql\cpp\codeql-extractor.yml.
[2023-05-15 16:50:31] [DETAILS] resolve languages> Parsing C:\codeql\csharp\codeql-extractor.yml.
[2023-05-15 16:50:31] [DETAILS] resolve languages> Parsing C:\codeql\csv\codeql-extractor.yml.
[2023-05-15 16:50:31] [DETAILS] resolve languages> Parsing C:\codeql\go\codeql-extractor.yml.
[2023-05-15 16:50:31] [DETAILS] resolve languages> Parsing C:\codeql\html\codeql-extractor.yml.
[2023-05-15 16:50:31] [DETAILS] resolve languages> Parsing C:\codeql\java\codeql-extractor.yml.
[2023-05-15 16:50:31] [DETAILS] resolve languages> Parsing C:\codeql\javascript\codeql-extractor.yml.
[2023-05-15 16:50:31] [DETAILS] resolve languages> Parsing C:\codeql\properties\codeql-extractor.yml.
[2023-05-15 16:50:31] [DETAILS] resolve languages> Parsing C:\codeql\python\codeql-extractor.yml.
[2023-05-15 16:50:31] [DETAILS] resolve languages> Parsing C:\codeql\ruby\codeql-extractor.yml.
[2023-05-15 16:50:31] [DETAILS] resolve languages> Parsing C:\codeql\xml\codeql-extractor.yml.
[2023-05-15 16:50:31] [DETAILS] resolve languages> Parsing C:\codeql\yaml\codeql-extractor.yml.
[2023-05-15 16:50:31] Plumbing command codeql resolve languages completed:
                      {
                        "extractors" : {
                          "cpp" : [
                            {
                              "extractor_root" : "C:\\codeql\\cpp"
                            }
                          ],
                          "csharp" : [
                            {
                              "extractor_root" : "C:\\codeql\\csharp",
                              "extractor_options" : {
                                "trap" : {
                                  "title" : "Options pertaining to TRAP.",
                                  "description" : "Options pertaining to TRAP.",
                                  "type" : "object",
                                  "properties" : {
                                    "compression" : {
                                      "title" : "Controls compression for the TRAP files written by the extractor.",
                                      "description" : "This option is only intended for use in debugging the extractor. Accepted values are 'brotli' (the default, to write brotli-compressed TRAP), 'gzip', and 'none' (to write uncompressed TRAP).\n",
                                      "type" : "string",
                                      "pattern" : "^(none|gzip|brotli)$"
                                    }
                                  }
                                },
                                "buildless" : {
                                  "title" : "Whether to use buildless (standalone) extraction.",
                                  "description" : "A value indicating, which type of extraction the autobuilder should perform. If 'true', then the standalone extractor will be used, otherwise tracing extraction will be performed. The default is 'false'. Note that buildless extraction will generally yield less accurate analysis results, and should only be used in cases where it is not possible to build the code (for example if it uses inaccessible dependencies).\n",
                                  "type" : "string",
                                  "pattern" : "^(false|true)$"
                                },
                                "cil" : {
                                  "title" : "Whether to enable CIL extraction.",
                                  "description" : "A value indicating, whether CIL extraction should be enabled. The default is 'true'.\n",
                                  "type" : "string",
                                  "pattern" : "^(false|true)$"
                                }
                              }
                            }
                          ],
                          "csv" : [
                            {
                              "extractor_root" : "C:\\codeql\\csv"
                            }
                          ],
                          "go" : [
                            {
                              "extractor_root" : "C:\\codeql\\go"
                            }
                          ],
                          "html" : [
                            {
                              "extractor_root" : "C:\\codeql\\html"
                            }
                          ],
                          "java" : [
                            {
                              "extractor_root" : "C:\\codeql\\java",
                              "extractor_options" : {
                                "exclude" : {
                                  "title" : "A glob excluding files from analysis.",
                                  "description" : "A glob indicating what files to exclude from the analysis.\n",
                                  "type" : "string"
                                }
                              }
                            }
                          ],
                          "javascript" : [
                            {
                              "extractor_root" : "C:\\codeql\\javascript",
                              "extractor_options" : { }
                            }
                          ],
                          "properties" : [
                            {
                              "extractor_root" : "C:\\codeql\\properties"
                            }
                          ],
                          "python" : [
                            {
                              "extractor_root" : "C:\\codeql\\python"
                            }
                          ],
                          "ruby" : [
                            {
                              "extractor_root" : "C:\\codeql\\ruby",
                              "extractor_options" : {
                                "trap" : {
                                  "title" : "Options pertaining to TRAP.",
                                  "description" : "Options pertaining to TRAP.",
                                  "type" : "object",
                                  "properties" : {
                                    "compression" : {
                                      "title" : "Controls compression for the TRAP files written by the extractor.",
                                      "description" : "This option is only intended for use in debugging the extractor. Accepted values are 'gzip' (the default, to write gzip-compressed TRAP) and 'none' (to write uncompressed TRAP).\n",
                                      "type" : "string",
                                      "pattern" : "^(none|gzip)$"
                                    }
                                  }
                                }
                              }
                            }
                          ],
                          "xml" : [
                            {
                              "extractor_root" : "C:\\codeql\\xml"
                            }
                          ],
                          "yaml" : [
                            {
                              "extractor_root" : "C:\\codeql\\yaml"
                            }
                          ]
                        }
                      }
[2023-05-15 16:50:31] [PROGRESS] database init> Calculating baseline information in C:\ptk-install\codeql-one\dotnet-demo-one
[2023-05-15 16:50:31] [SPAMMY] database init> Ignoring the following directories when processing baseline information: .git, .hg, .svn.
[2023-05-15 16:50:31] [DETAILS] database init> Running command in C:\ptk-install\codeql-one\dotnet-demo-one: C:\codeql\tools\win64\scc.exe --by-file --exclude-dir .git,.hg,.svn --format json --no-large --no-min .
[2023-05-15 16:50:32] [SPAMMY] database init> Found 8 baseline files for javascript.
[2023-05-15 16:50:32] [SPAMMY] database init> Found 7 baseline files for csharp.
[2023-05-15 16:50:32] [SPAMMY] database init> Found 3 baseline files for yaml.
[2023-05-15 16:50:32] [PROGRESS] database init> Calculated baseline information for languages: csharp, javascript, yaml (467ms).
[2023-05-15 16:50:33] [PROGRESS] database init> Resolving extractor csharp.
[2023-05-15 16:50:33] [DETAILS] database init> Found candidate extractor root for csharp: C:\codeql\csharp.
[2023-05-15 16:50:33] [PROGRESS] database init> Successfully loaded extractor C# (csharp) from C:\codeql\csharp.
[2023-05-15 16:50:33] [PROGRESS] database init> Created skeleton CodeQL database at C:\ptk-install\codeql-one\dotnet-demo-one\ptkone. This in-progress database is ready to be populated by an extractor.
[2023-05-15 16:50:33] Plumbing command codeql database init completed.
[2023-05-15 16:50:33] Using autobuild script C:\codeql\csharp\tools\autobuild.cmd.
[2023-05-15 16:50:33] [DETAILS] database create> Detected autobuild command for C#: C:\codeql\csharp\tools\autobuild.cmd.
[2023-05-15 16:50:33] [PROGRESS] database create> Running build command: [C:\codeql\csharp\tools\autobuild.cmd]
[2023-05-15 16:50:33] Running plumbing command: codeql database trace-command --working-dir=C:\ptk-install\codeql-one\dotnet-demo-one --index-traceless-dbs --no-db-cluster -- C:\ptk-install\codeql-one\dotnet-demo-one\ptkone C:\codeql\csharp\tools\autobuild.cmd
[2023-05-15 16:50:33] [PROGRESS] database trace-command> Running command in C:\ptk-install\codeql-one\dotnet-demo-one: [C:\codeql\csharp\tools\autobuild.cmd]
[2023-05-15 16:50:34] [build-stdout] CodeQL C# autobuilder
[2023-05-15 16:50:34] [build-stdout] Working directory: C:\ptk-install\codeql-one\dotnet-demo-one
[2023-05-15 16:50:35] [build-stdout] Attempting to build using .NET Core
[2023-05-15 16:50:35] [build-stdout] Running cmd.exe /C dotnet --info
[2023-05-15 16:50:35] [build-stdout] .NET SDK:
[2023-05-15 16:50:35] [build-stdout]  Version:   7.0.100
[2023-05-15 16:50:35] [build-stdout]  Commit:    e12b7af219
[2023-05-15 16:50:35] [build-stdout] Runtime Environment:
[2023-05-15 16:50:35] [build-stdout]  OS Name:     Windows
[2023-05-15 16:50:35] [build-stdout]  OS Version:  10.0.19045
[2023-05-15 16:50:35] [build-stdout]  OS Platform: Windows
[2023-05-15 16:50:35] [build-stdout]  RID:         win10-x64
[2023-05-15 16:50:35] [build-stdout]  Base Path:   C:\Program Files\dotnet\sdk\7.0.100\
[2023-05-15 16:50:35] [build-stdout] Host:
[2023-05-15 16:50:35] [build-stdout]   Version:      7.0.0
[2023-05-15 16:50:35] [build-stdout]   Architecture: x64
[2023-05-15 16:50:35] [build-stdout]   Commit:       d099f075e4
[2023-05-15 16:50:35] [build-stdout] .NET SDKs installed:
[2023-05-15 16:50:35] [build-stdout]   2.1.818 [C:\Program Files\dotnet\sdk]
[2023-05-15 16:50:35] [build-stdout]   3.1.413 [C:\Program Files\dotnet\sdk]
[2023-05-15 16:50:35] [build-stdout]   5.0.401 [C:\Program Files\dotnet\sdk]
[2023-05-15 16:50:35] [build-stdout]   6.0.100 [C:\Program Files\dotnet\sdk]
[2023-05-15 16:50:35] [build-stdout]   7.0.100 [C:\Program Files\dotnet\sdk]
[2023-05-15 16:50:35] [build-stdout] .NET runtimes installed:
[2023-05-15 16:50:35] [build-stdout]   Microsoft.AspNetCore.All 2.1.30 [C:\Program Files\dotnet\shared\Microsoft.AspNetCore.All]
[2023-05-15 16:50:35] [build-stdout]   Microsoft.AspNetCore.App 2.1.30 [C:\Program Files\dotnet\shared\Microsoft.AspNetCore.App]
[2023-05-15 16:50:35] [build-stdout]   Microsoft.AspNetCore.App 3.1.19 [C:\Program Files\dotnet\shared\Microsoft.AspNetCore.App]
[2023-05-15 16:50:35] [build-stdout]   Microsoft.AspNetCore.App 3.1.31 [C:\Program Files\dotnet\shared\Microsoft.AspNetCore.App]
[2023-05-15 16:50:35] [build-stdout]   Microsoft.AspNetCore.App 5.0.10 [C:\Program Files\dotnet\shared\Microsoft.AspNetCore.App]
[2023-05-15 16:50:35] [build-stdout]   Microsoft.AspNetCore.App 6.0.0 [C:\Program Files\dotnet\shared\Microsoft.AspNetCore.App]
[2023-05-15 16:50:35] [build-stdout]   Microsoft.AspNetCore.App 6.0.11 [C:\Program Files\dotnet\shared\Microsoft.AspNetCore.App]
[2023-05-15 16:50:35] [build-stdout]   Microsoft.AspNetCore.App 7.0.0 [C:\Program Files\dotnet\shared\Microsoft.AspNetCore.App]
[2023-05-15 16:50:35] [build-stdout]   Microsoft.NETCore.App 2.1.30 [C:\Program Files\dotnet\shared\Microsoft.NETCore.App]
[2023-05-15 16:50:35] [build-stdout]   Microsoft.NETCore.App 3.1.19 [C:\Program Files\dotnet\shared\Microsoft.NETCore.App]
[2023-05-15 16:50:35] [build-stdout]   Microsoft.NETCore.App 3.1.31 [C:\Program Files\dotnet\shared\Microsoft.NETCore.App]
[2023-05-15 16:50:35] [build-stdout]   Microsoft.NETCore.App 5.0.10 [C:\Program Files\dotnet\shared\Microsoft.NETCore.App]
[2023-05-15 16:50:35] [build-stdout]   Microsoft.NETCore.App 6.0.0 [C:\Program Files\dotnet\shared\Microsoft.NETCore.App]
[2023-05-15 16:50:35] [build-stdout]   Microsoft.NETCore.App 6.0.8 [C:\Program Files\dotnet\shared\Microsoft.NETCore.App]
[2023-05-15 16:50:35] [build-stdout]   Microsoft.NETCore.App 6.0.11 [C:\Program Files\dotnet\shared\Microsoft.NETCore.App]
[2023-05-15 16:50:35] [build-stdout]   Microsoft.NETCore.App 7.0.0 [C:\Program Files\dotnet\shared\Microsoft.NETCore.App]
[2023-05-15 16:50:35] [build-stdout]   Microsoft.WindowsDesktop.App 3.1.19 [C:\Program Files\dotnet\shared\Microsoft.WindowsDesktop.App]
[2023-05-15 16:50:35] [build-stdout]   Microsoft.WindowsDesktop.App 3.1.31 [C:\Program Files\dotnet\shared\Microsoft.WindowsDesktop.App]
[2023-05-15 16:50:35] [build-stdout]   Microsoft.WindowsDesktop.App 5.0.10 [C:\Program Files\dotnet\shared\Microsoft.WindowsDesktop.App]
[2023-05-15 16:50:35] [build-stdout]   Microsoft.WindowsDesktop.App 6.0.0 [C:\Program Files\dotnet\shared\Microsoft.WindowsDesktop.App]
[2023-05-15 16:50:35] [build-stdout]   Microsoft.WindowsDesktop.App 6.0.11 [C:\Program Files\dotnet\shared\Microsoft.WindowsDesktop.App]
[2023-05-15 16:50:35] [build-stdout]   Microsoft.WindowsDesktop.App 7.0.0 [C:\Program Files\dotnet\shared\Microsoft.WindowsDesktop.App]
[2023-05-15 16:50:35] [build-stdout] Other architectures found:
[2023-05-15 16:50:35] [build-stdout]   arm64 [C:\Program Files\dotnet]
[2023-05-15 16:50:35] [build-stdout]     registered at [HKLM\SOFTWARE\dotnet\Setup\InstalledVersions\arm64\InstallLocation]
[2023-05-15 16:50:35] [build-stdout]   x86   [C:\Program Files (x86)\dotnet]
[2023-05-15 16:50:35] [build-stdout]     registered at [HKLM\SOFTWARE\dotnet\Setup\InstalledVersions\x86\InstallLocation]
[2023-05-15 16:50:35] [build-stdout] Environment variables:
[2023-05-15 16:50:35] [build-stdout]   Not set
[2023-05-15 16:50:35] [build-stdout] global.json file:
[2023-05-15 16:50:35] [build-stdout]   Not found
[2023-05-15 16:50:35] [build-stdout] Learn more:
[2023-05-15 16:50:35] [build-stdout]   https://aka.ms/dotnet/info
[2023-05-15 16:50:35] [build-stdout] Download .NET:
[2023-05-15 16:50:35] [build-stdout]   https://aka.ms/dotnet/download
[2023-05-15 16:50:36] [build-stdout] Exit code 0
[2023-05-15 16:50:36] [build-stdout] Running cmd.exe /C dotnet clean C:\ptk-install\codeql-one\dotnet-demo-one\mysamplemvc.sln
[2023-05-15 16:50:36] [build-stdout] MSBuild version 17.4.0+18d5aef85 for .NET
[2023-05-15 16:50:37] [build-stdout] Build started 5/15/2023 4:50:37 PM.
[2023-05-15 16:50:37] [build-stdout]      1>Project "C:\ptk-install\codeql-one\dotnet-demo-one\mysamplemvc.sln" on node 1 (Clean target(s)).
[2023-05-15 16:50:37] [build-stdout]      1>ValidateSolutionConfiguration:
[2023-05-15 16:50:37] [build-stdout]          Building solution configuration "Debug|Any CPU".
[2023-05-15 16:50:37] [build-stdout]      1>Project "C:\ptk-install\codeql-one\dotnet-demo-one\mysamplemvc.sln" (1) is building "C:\ptk-install\codeql-one\dotnet-demo-one\mysamplemvc\mysamplemvc.csproj" (2) on node 1 (Clean target(s)).
[2023-05-15 16:50:37] [build-stdout]      2>CoreClean:
[2023-05-15 16:50:37] [build-stdout]          Deleting file "C:\ptk-install\codeql-one\dotnet-demo-one\mysamplemvc\bin\Debug\net6.0\appsettings.Development.json".
[2023-05-15 16:50:37] [build-stdout]          Deleting file "C:\ptk-install\codeql-one\dotnet-demo-one\mysamplemvc\bin\Debug\net6.0\appsettings.json".
[2023-05-15 16:50:37] [build-stdout]          Deleting file "C:\ptk-install\codeql-one\dotnet-demo-one\mysamplemvc\bin\Debug\net6.0\mysamplemvc.staticwebassets.runtime.json".
[2023-05-15 16:50:37] [build-stdout]          Deleting file "C:\ptk-install\codeql-one\dotnet-demo-one\mysamplemvc\bin\Debug\net6.0\mysamplemvc.exe".
[2023-05-15 16:50:37] [build-stdout]          Deleting file "C:\ptk-install\codeql-one\dotnet-demo-one\mysamplemvc\bin\Debug\net6.0\mysamplemvc.deps.json".
[2023-05-15 16:50:37] [build-stdout]          Deleting file "C:\ptk-install\codeql-one\dotnet-demo-one\mysamplemvc\bin\Debug\net6.0\mysamplemvc.runtimeconfig.json".
[2023-05-15 16:50:37] [build-stdout]          Deleting file "C:\ptk-install\codeql-one\dotnet-demo-one\mysamplemvc\bin\Debug\net6.0\mysamplemvc.dll".
[2023-05-15 16:50:37] [build-stdout]          Deleting file "C:\ptk-install\codeql-one\dotnet-demo-one\mysamplemvc\bin\Debug\net6.0\mysamplemvc.pdb".
[2023-05-15 16:50:37] [build-stdout]          Deleting file "C:\ptk-install\codeql-one\dotnet-demo-one\mysamplemvc\obj\Debug\net6.0\mysamplemvc.csproj.AssemblyReference.cache".
[2023-05-15 16:50:37] [build-stdout]          Deleting file "C:\ptk-install\codeql-one\dotnet-demo-one\mysamplemvc\obj\Debug\net6.0\mysamplemvc.GeneratedMSBuildEditorConfig.editorconfig".
[2023-05-15 16:50:37] [build-stdout]          Deleting file "C:\ptk-install\codeql-one\dotnet-demo-one\mysamplemvc\obj\Debug\net6.0\mysamplemvc.AssemblyInfoInputs.cache".
[2023-05-15 16:50:37] [build-stdout]          Deleting file "C:\ptk-install\codeql-one\dotnet-demo-one\mysamplemvc\obj\Debug\net6.0\mysamplemvc.AssemblyInfo.cs".
[2023-05-15 16:50:37] [build-stdout]          Deleting file "C:\ptk-install\codeql-one\dotnet-demo-one\mysamplemvc\obj\Debug\net6.0\mysamplemvc.csproj.CoreCompileInputs.cache".
[2023-05-15 16:50:37] [build-stdout]          Deleting file "C:\ptk-install\codeql-one\dotnet-demo-one\mysamplemvc\obj\Debug\net6.0\mysamplemvc.MvcApplicationPartsAssemblyInfo.cache".
[2023-05-15 16:50:37] [build-stdout]          Deleting file "C:\ptk-install\codeql-one\dotnet-demo-one\mysamplemvc\obj\Debug\net6.0\mysamplemvc.RazorAssemblyInfo.cache".
[2023-05-15 16:50:37] [build-stdout]          Deleting file "C:\ptk-install\codeql-one\dotnet-demo-one\mysamplemvc\obj\Debug\net6.0\mysamplemvc.RazorAssemblyInfo.cs".
[2023-05-15 16:50:37] [build-stdout]          Deleting file "C:\ptk-install\codeql-one\dotnet-demo-one\mysamplemvc\obj\Debug\net6.0\staticwebassets\msbuild.mysamplemvc.Microsoft.AspNetCore.StaticWebAssets.props".
[2023-05-15 16:50:37] [build-stdout]          Deleting file "C:\ptk-install\codeql-one\dotnet-demo-one\mysamplemvc\obj\Debug\net6.0\staticwebassets\msbuild.build.mysamplemvc.props".
[2023-05-15 16:50:37] [build-stdout]          Deleting file "C:\ptk-install\codeql-one\dotnet-demo-one\mysamplemvc\obj\Debug\net6.0\staticwebassets\msbuild.buildMultiTargeting.mysamplemvc.props".
[2023-05-15 16:50:37] [build-stdout]          Deleting file "C:\ptk-install\codeql-one\dotnet-demo-one\mysamplemvc\obj\Debug\net6.0\staticwebassets\msbuild.buildTransitive.mysamplemvc.props".
[2023-05-15 16:50:37] [build-stdout]          Deleting file "C:\ptk-install\codeql-one\dotnet-demo-one\mysamplemvc\obj\Debug\net6.0\staticwebassets.pack.json".
[2023-05-15 16:50:37] [build-stdout]          Deleting file "C:\ptk-install\codeql-one\dotnet-demo-one\mysamplemvc\obj\Debug\net6.0\staticwebassets.build.json".
[2023-05-15 16:50:37] [build-stdout]          Deleting file "C:\ptk-install\codeql-one\dotnet-demo-one\mysamplemvc\obj\Debug\net6.0\staticwebassets.development.json".
[2023-05-15 16:50:37] [build-stdout]          Deleting file "C:\ptk-install\codeql-one\dotnet-demo-one\mysamplemvc\obj\Debug\net6.0\scopedcss\Views\Shared\_Layout.cshtml.rz.scp.css".
[2023-05-15 16:50:37] [build-stdout]          Deleting file "C:\ptk-install\codeql-one\dotnet-demo-one\mysamplemvc\obj\Debug\net6.0\scopedcss\bundle\mysamplemvc.styles.css".
[2023-05-15 16:50:37] [build-stdout]          Deleting file "C:\ptk-install\codeql-one\dotnet-demo-one\mysamplemvc\obj\Debug\net6.0\scopedcss\projectbundle\mysamplemvc.bundle.scp.css".
[2023-05-15 16:50:37] [build-stdout]          Deleting file "C:\ptk-install\codeql-one\dotnet-demo-one\mysamplemvc\obj\Debug\net6.0\mysamplemvc.dll".
[2023-05-15 16:50:37] [build-stdout]          Deleting file "C:\ptk-install\codeql-one\dotnet-demo-one\mysamplemvc\obj\Debug\net6.0\refint\mysamplemvc.dll".
[2023-05-15 16:50:37] [build-stdout]          Deleting file "C:\ptk-install\codeql-one\dotnet-demo-one\mysamplemvc\obj\Debug\net6.0\mysamplemvc.pdb".
[2023-05-15 16:50:37] [build-stdout]          Deleting file "C:\ptk-install\codeql-one\dotnet-demo-one\mysamplemvc\obj\Debug\net6.0\mysamplemvc.genruntimeconfig.cache".
[2023-05-15 16:50:37] [build-stdout]          Deleting file "C:\ptk-install\codeql-one\dotnet-demo-one\mysamplemvc\obj\Debug\net6.0\ref\mysamplemvc.dll".
[2023-05-15 16:50:37] [build-stdout]      2>Done Building Project "C:\ptk-install\codeql-one\dotnet-demo-one\mysamplemvc\mysamplemvc.csproj" (Clean target(s)).
[2023-05-15 16:50:37] [build-stdout]      1>Done Building Project "C:\ptk-install\codeql-one\dotnet-demo-one\mysamplemvc.sln" (Clean target(s)).
[2023-05-15 16:50:37] [build-stdout] Build succeeded.
[2023-05-15 16:50:37] [build-stdout]     0 Warning(s)
[2023-05-15 16:50:37] [build-stdout]     0 Error(s)
[2023-05-15 16:50:37] [build-stdout] Time Elapsed 00:00:00.91
[2023-05-15 16:50:38] [build-stdout] Exit code 0
[2023-05-15 16:50:38] [build-stdout] Running cmd.exe /C dotnet restore C:\ptk-install\codeql-one\dotnet-demo-one\mysamplemvc.sln
[2023-05-15 16:50:39] [build-stdout]   Determining projects to restore...
[2023-05-15 16:50:39] [build-stdout]   Restored C:\ptk-install\codeql-one\dotnet-demo-one\mysamplemvc\mysamplemvc.csproj (in 102 ms).
[2023-05-15 16:50:39] [build-stdout] Exit code 0
[2023-05-15 16:50:39] [build-stdout] Running cmd.exe /C dotnet build --no-incremental C:\ptk-install\codeql-one\dotnet-demo-one\mysamplemvc.sln
[2023-05-15 16:50:40] [build-stdout] MSBuild version 17.4.0+18d5aef85 for .NET
[2023-05-15 16:50:41] [build-stdout]   Determining projects to restore...
[2023-05-15 16:50:41] [build-stdout]   Restored C:\ptk-install\codeql-one\dotnet-demo-one\mysamplemvc\mysamplemvc.csproj (in 82 ms).
[2023-05-15 16:51:18] [build-stdout]   mysamplemvc -> C:\ptk-install\codeql-one\dotnet-demo-one\mysamplemvc\bin\Debug\net6.0\mysamplemvc.dll
[2023-05-15 16:51:18] [build-stdout] Build succeeded.
[2023-05-15 16:51:18] [build-stdout]     0 Warning(s)
[2023-05-15 16:51:18] [build-stdout]     0 Error(s)
[2023-05-15 16:51:18] [build-stdout] Time Elapsed 00:00:37.96
[2023-05-15 16:51:18] [build-stdout] Exit code 0
[2023-05-15 16:51:18] Plumbing command codeql database trace-command completed.
[2023-05-15 16:51:18] [PROGRESS] database create> Finalizing database at C:\ptk-install\codeql-one\dotnet-demo-one\ptkone.
[2023-05-15 16:51:18] Running plumbing command: codeql database finalize --mode=normal --no-db-cluster -- C:\ptk-install\codeql-one\dotnet-demo-one\ptkone
[2023-05-15 16:51:18] Using pre-finalize script C:\codeql\csharp\tools\pre-finalize.cmd.
[2023-05-15 16:51:18] [PROGRESS] database finalize> Running pre-finalize script C:\codeql\csharp\tools\pre-finalize.cmd in C:\ptk-install\codeql-one\dotnet-demo-one.
[2023-05-15 16:51:18] Running plumbing command: codeql database trace-command --working-dir=C:\ptk-install\codeql-one\dotnet-demo-one --no-tracing -- C:\ptk-install\codeql-one\dotnet-demo-one\ptkone C:\codeql\csharp\tools\pre-finalize.cmd
[2023-05-15 16:51:18] [PROGRESS] database trace-command> Running command in C:\ptk-install\codeql-one\dotnet-demo-one: [C:\codeql\csharp\tools\pre-finalize.cmd]
[2023-05-15 16:51:26] Plumbing command codeql database trace-command completed.
[2023-05-15 16:51:26] [PROGRESS] database finalize> Running TRAP import for CodeQL database at C:\ptk-install\codeql-one\dotnet-demo-one\ptkone...
[2023-05-15 16:51:26] Running plumbing command: codeql dataset import --dbscheme=C:\codeql\csharp\semmlecode.csharp.dbscheme -- C:\ptk-install\codeql-one\dotnet-demo-one\ptkone\db-csharp C:\ptk-install\codeql-one\dotnet-demo-one\ptkone\trap\csharp
[2023-05-15 16:51:26] Clearing disk cache since the version file C:\ptk-install\codeql-one\dotnet-demo-one\ptkone\db-csharp\default\cache\version does not exist
[2023-05-15 16:51:26] Tuple pool not found. Clearing relations with cached strings
[2023-05-15 16:51:26] Trimming disk cache at C:\ptk-install\codeql-one\dotnet-demo-one\ptkone\db-csharp\default\cache in mode brutal.
[2023-05-15 16:51:26] Sequence stamp origin is -6320518169690529222
[2023-05-15 16:51:26] Pausing evaluation to hard-clear memory at sequence stamp o+0
[2023-05-15 16:51:26] Unpausing evaluation
[2023-05-15 16:51:26] Pausing evaluation to quickly trim disk at sequence stamp o+1
[2023-05-15 16:51:26] Unpausing evaluation
[2023-05-15 16:51:26] Pausing evaluation to zealously trim disk at sequence stamp o+2
[2023-05-15 16:51:26] Unpausing evaluation
[2023-05-15 16:51:26] Trimming completed (19ms): Purged everything.
[2023-05-15 16:51:26] Scanning for files in C:\ptk-install\codeql-one\dotnet-demo-one\ptkone\trap\csharp
[2023-05-15 16:51:26] Importing Microsoft.AspNetCore.Antiforgery.dll.cil.trap.br (1 of 591)
[2023-05-15 16:51:27] Importing Microsoft.AspNetCore.Antiforgery.dll.trap.br (2 of 591)
[2023-05-15 16:51:27] Importing Microsoft.AspNetCore.Authentication.Abstractions.dll.cil.trap.br (3 of 591)
[2023-05-15 16:51:27] Importing Microsoft.AspNetCore.Authentication.Abstractions.dll.trap.br (4 of 591)
[2023-05-15 16:51:27] Importing Microsoft.AspNetCore.Authentication.Cookies.dll.cil.trap.br (5 of 591)
[2023-05-15 16:51:27] Importing Microsoft.AspNetCore.Authentication.Cookies.dll.trap.br (6 of 591)
[2023-05-15 16:51:27] Importing Microsoft.AspNetCore.Authentication.Core.dll.cil.trap.br (7 of 591)
[2023-05-15 16:51:27] Importing Microsoft.AspNetCore.Authentication.Core.dll.trap.br (8 of 591)
[2023-05-15 16:51:27] Importing Microsoft.AspNetCore.Authentication.OAuth.dll.cil.trap.br (9 of 591)
[2023-05-15 16:51:27] Importing Microsoft.AspNetCore.Authentication.OAuth.dll.trap.br (10 of 591)
[2023-05-15 16:51:27] Importing Microsoft.AspNetCore.Authentication.dll.cil.trap.br (11 of 591)
[2023-05-15 16:51:27] Importing Microsoft.AspNetCore.Authentication.dll.trap.br (12 of 591)
[2023-05-15 16:51:27] Importing Microsoft.AspNetCore.Authorization.Policy.dll.cil.trap.br (13 of 591)
[2023-05-15 16:51:27] Importing Microsoft.AspNetCore.Authorization.Policy.dll.trap.br (14 of 591)
[2023-05-15 16:51:27] Importing Microsoft.AspNetCore.Authorization.dll.cil.trap.br (15 of 591)
[2023-05-15 16:51:27] Importing Microsoft.AspNetCore.Authorization.dll.trap.br (16 of 591)
[2023-05-15 16:51:27] Importing Microsoft.AspNetCore.Components.Authorization.dll.cil.trap.br (17 of 591)
[2023-05-15 16:51:27] Importing Microsoft.AspNetCore.Components.Authorization.dll.trap.br (18 of 591)
[2023-05-15 16:51:27] Importing Microsoft.AspNetCore.Components.Forms.dll.cil.trap.br (19 of 591)
[2023-05-15 16:51:27] Importing Microsoft.AspNetCore.Components.Forms.dll.trap.br (20 of 591)
[2023-05-15 16:51:27] Importing Microsoft.AspNetCore.Components.Server.dll.cil.trap.br (21 of 591)
[2023-05-15 16:51:28] Importing Microsoft.AspNetCore.Components.Server.dll.trap.br (22 of 591)
[2023-05-15 16:51:28] Importing Microsoft.AspNetCore.Components.Web.dll.cil.trap.br (23 of 591)
[2023-05-15 16:51:28] Importing Microsoft.AspNetCore.Components.Web.dll.trap.br (24 of 591)
[2023-05-15 16:51:28] Importing Microsoft.AspNetCore.Components.dll.cil.trap.br (25 of 591)
[2023-05-15 16:51:28] Importing Microsoft.AspNetCore.Components.dll.trap.br (26 of 591)
[2023-05-15 16:51:28] Importing Microsoft.AspNetCore.Connections.Abstractions.dll.cil.trap.br (27 of 591)
[2023-05-15 16:51:28] Importing Microsoft.AspNetCore.Connections.Abstractions.dll.trap.br (28 of 591)
[2023-05-15 16:51:28] Importing Microsoft.AspNetCore.CookiePolicy.dll.cil.trap.br (29 of 591)
[2023-05-15 16:51:28] Importing Microsoft.AspNetCore.CookiePolicy.dll.trap.br (30 of 591)
[2023-05-15 16:51:28] Importing Microsoft.AspNetCore.Cors.dll.cil.trap.br (31 of 591)
[2023-05-15 16:51:28] Importing Microsoft.AspNetCore.Cors.dll.trap.br (32 of 591)
[2023-05-15 16:51:28] Importing Microsoft.AspNetCore.Cryptography.Internal.dll.cil.trap.br (33 of 591)
[2023-05-15 16:51:28] Importing Microsoft.AspNetCore.Cryptography.Internal.dll.trap.br (34 of 591)
[2023-05-15 16:51:28] Importing Microsoft.AspNetCore.Cryptography.KeyDerivation.dll.cil.trap.br (35 of 591)
[2023-05-15 16:51:28] Importing Microsoft.AspNetCore.Cryptography.KeyDerivation.dll.trap.br (36 of 591)
[2023-05-15 16:51:28] Importing Microsoft.AspNetCore.DataProtection.Abstractions.dll.cil.trap.br (37 of 591)
[2023-05-15 16:51:28] Importing Microsoft.AspNetCore.DataProtection.Abstractions.dll.trap.br (38 of 591)
[2023-05-15 16:51:28] Importing Microsoft.AspNetCore.DataProtection.Extensions.dll.cil.trap.br (39 of 591)
[2023-05-15 16:51:28] Importing Microsoft.AspNetCore.DataProtection.Extensions.dll.trap.br (40 of 591)
[2023-05-15 16:51:28] Importing Microsoft.AspNetCore.DataProtection.dll.cil.trap.br (41 of 591)
[2023-05-15 16:51:29] Importing Microsoft.AspNetCore.DataProtection.dll.trap.br (42 of 591)
[2023-05-15 16:51:29] Importing Microsoft.AspNetCore.Diagnostics.Abstractions.dll.cil.trap.br (43 of 591)
[2023-05-15 16:51:29] Importing Microsoft.AspNetCore.Diagnostics.Abstractions.dll.trap.br (44 of 591)
[2023-05-15 16:51:29] Importing Microsoft.AspNetCore.Diagnostics.HealthChecks.dll.cil.trap.br (45 of 591)
[2023-05-15 16:51:29] Importing Microsoft.AspNetCore.Diagnostics.HealthChecks.dll.trap.br (46 of 591)
[2023-05-15 16:51:29] Importing Microsoft.AspNetCore.Diagnostics.dll.cil.trap.br (47 of 591)
[2023-05-15 16:51:29] Importing Microsoft.AspNetCore.Diagnostics.dll.trap.br (48 of 591)
[2023-05-15 16:51:29] Importing Microsoft.AspNetCore.HostFiltering.dll.cil.trap.br (49 of 591)
[2023-05-15 16:51:29] Importing Microsoft.AspNetCore.HostFiltering.dll.trap.br (50 of 591)
[2023-05-15 16:51:29] Importing Microsoft.AspNetCore.Hosting.Abstractions.dll.cil.trap.br (51 of 591)
[2023-05-15 16:51:29] Importing Microsoft.AspNetCore.Hosting.Abstractions.dll.trap.br (52 of 591)
[2023-05-15 16:51:29] Importing Microsoft.AspNetCore.Hosting.Server.Abstractions.dll.cil.trap.br (53 of 591)
[2023-05-15 16:51:29] Importing Microsoft.AspNetCore.Hosting.Server.Abstractions.dll.trap.br (54 of 591)
[2023-05-15 16:51:29] Importing Microsoft.AspNetCore.Hosting.dll.cil.trap.br (55 of 591)
[2023-05-15 16:51:29] Importing Microsoft.AspNetCore.Hosting.dll.trap.br (56 of 591)
[2023-05-15 16:51:29] Importing Microsoft.AspNetCore.Html.Abstractions.dll.cil.trap.br (57 of 591)
[2023-05-15 16:51:29] Importing Microsoft.AspNetCore.Html.Abstractions.dll.trap.br (58 of 591)
[2023-05-15 16:51:29] Importing Microsoft.AspNetCore.Http.Abstractions.dll.cil.trap.br (59 of 591)
[2023-05-15 16:51:29] Importing Microsoft.AspNetCore.Http.Abstractions.dll.trap.br (60 of 591)
[2023-05-15 16:51:29] Importing Microsoft.AspNetCore.Http.Connections.Common.dll.cil.trap.br (61 of 591)
[2023-05-15 16:51:29] Importing Microsoft.AspNetCore.Http.Connections.Common.dll.trap.br (62 of 591)
[2023-05-15 16:51:29] Importing Microsoft.AspNetCore.Http.Connections.dll.cil.trap.br (63 of 591)
[2023-05-15 16:51:29] Importing Microsoft.AspNetCore.Http.Connections.dll.trap.br (64 of 591)
[2023-05-15 16:51:29] Importing Microsoft.AspNetCore.Http.Extensions.dll.cil.trap.br (65 of 591)
[2023-05-15 16:51:29] Importing Microsoft.AspNetCore.Http.Extensions.dll.trap.br (66 of 591)
[2023-05-15 16:51:29] Importing Microsoft.AspNetCore.Http.Features.dll.cil.trap.br (67 of 591)
[2023-05-15 16:51:29] Importing Microsoft.AspNetCore.Http.Features.dll.trap.br (68 of 591)
[2023-05-15 16:51:29] Importing Microsoft.AspNetCore.Http.Results.dll.cil.trap.br (69 of 591)
[2023-05-15 16:51:29] Importing Microsoft.AspNetCore.Http.Results.dll.trap.br (70 of 591)
[2023-05-15 16:51:29] Importing Microsoft.AspNetCore.Http.dll.cil.trap.br (71 of 591)
[2023-05-15 16:51:29] Importing Microsoft.AspNetCore.Http.dll.trap.br (72 of 591)
[2023-05-15 16:51:29] Importing Microsoft.AspNetCore.HttpLogging.dll.cil.trap.br (73 of 591)
[2023-05-15 16:51:29] Importing Microsoft.AspNetCore.HttpLogging.dll.trap.br (74 of 591)
[2023-05-15 16:51:29] Importing Microsoft.AspNetCore.HttpOverrides.dll.cil.trap.br (75 of 591)
[2023-05-15 16:51:29] Importing Microsoft.AspNetCore.HttpOverrides.dll.trap.br (76 of 591)
[2023-05-15 16:51:29] Importing Microsoft.AspNetCore.HttpsPolicy.dll.cil.trap.br (77 of 591)
[2023-05-15 16:51:29] Importing Microsoft.AspNetCore.HttpsPolicy.dll.trap.br (78 of 591)
[2023-05-15 16:51:29] Importing Microsoft.AspNetCore.Identity.dll.cil.trap.br (79 of 591)
[2023-05-15 16:51:30] Importing Microsoft.AspNetCore.Identity.dll.trap.br (80 of 591)
[2023-05-15 16:51:30] Importing Microsoft.AspNetCore.Localization.Routing.dll.cil.trap.br (81 of 591)
[2023-05-15 16:51:30] Importing Microsoft.AspNetCore.Localization.Routing.dll.trap.br (82 of 591)
[2023-05-15 16:51:30] Importing Microsoft.AspNetCore.Localization.dll.cil.trap.br (83 of 591)
[2023-05-15 16:51:30] Importing Microsoft.AspNetCore.Localization.dll.trap.br (84 of 591)
[2023-05-15 16:51:30] Importing Microsoft.AspNetCore.Metadata.dll.cil.trap.br (85 of 591)
[2023-05-15 16:51:30] Importing Microsoft.AspNetCore.Metadata.dll.trap.br (86 of 591)
[2023-05-15 16:51:30] Importing Microsoft.AspNetCore.Mvc.Abstractions.dll.cil.trap.br (87 of 591)
[2023-05-15 16:51:30] Importing Microsoft.AspNetCore.Mvc.Abstractions.dll.trap.br (88 of 591)
[2023-05-15 16:51:30] Importing Microsoft.AspNetCore.Mvc.ApiExplorer.dll.cil.trap.br (89 of 591)
[2023-05-15 16:51:30] Importing Microsoft.AspNetCore.Mvc.ApiExplorer.dll.trap.br (90 of 591)
[2023-05-15 16:51:30] Importing Microsoft.AspNetCore.Mvc.Core.dll.cil.trap.br (91 of 591)
[2023-05-15 16:51:30] Importing Microsoft.AspNetCore.Mvc.Core.dll.trap.br (92 of 591)
[2023-05-15 16:51:30] Importing Microsoft.AspNetCore.Mvc.Cors.dll.cil.trap.br (93 of 591)
[2023-05-15 16:51:30] Importing Microsoft.AspNetCore.Mvc.Cors.dll.trap.br (94 of 591)
[2023-05-15 16:51:30] Importing Microsoft.AspNetCore.Mvc.DataAnnotations.dll.cil.trap.br (95 of 591)
[2023-05-15 16:51:30] Importing Microsoft.AspNetCore.Mvc.DataAnnotations.dll.trap.br (96 of 591)
[2023-05-15 16:51:30] Importing Microsoft.AspNetCore.Mvc.Formatters.Json.dll.cil.trap.br (97 of 591)
[2023-05-15 16:51:30] Importing Microsoft.AspNetCore.Mvc.Formatters.Json.dll.trap.br (98 of 591)
[2023-05-15 16:51:30] Importing Microsoft.AspNetCore.Mvc.Formatters.Xml.dll.cil.trap.br (99 of 591)
[2023-05-15 16:51:30] Importing Microsoft.AspNetCore.Mvc.Formatters.Xml.dll.trap.br (100 of 591)
[2023-05-15 16:51:30] Importing Microsoft.AspNetCore.Mvc.Localization.dll.cil.trap.br (101 of 591)
[2023-05-15 16:51:31] Importing Microsoft.AspNetCore.Mvc.Localization.dll.trap.br (102 of 591)
[2023-05-15 16:51:31] Importing Microsoft.AspNetCore.Mvc.Razor.dll.cil.trap.br (103 of 591)
[2023-05-15 16:51:31] Importing Microsoft.AspNetCore.Mvc.Razor.dll.trap.br (104 of 591)
[2023-05-15 16:51:31] Importing Microsoft.AspNetCore.Mvc.RazorPages.dll.cil.trap.br (105 of 591)
[2023-05-15 16:51:31] Importing Microsoft.AspNetCore.Mvc.RazorPages.dll.trap.br (106 of 591)
[2023-05-15 16:51:31] Importing Microsoft.AspNetCore.Mvc.TagHelpers.dll.cil.trap.br (107 of 591)
[2023-05-15 16:51:31] Importing Microsoft.AspNetCore.Mvc.TagHelpers.dll.trap.br (108 of 591)
[2023-05-15 16:51:31] Importing Microsoft.AspNetCore.Mvc.ViewFeatures.dll.cil.trap.br (109 of 591)
[2023-05-15 16:51:31] Importing Microsoft.AspNetCore.Mvc.ViewFeatures.dll.trap.br (110 of 591)
[2023-05-15 16:51:31] Importing Microsoft.AspNetCore.Mvc.dll.cil.trap.br (111 of 591)
[2023-05-15 16:51:31] Importing Microsoft.AspNetCore.Mvc.dll.trap.br (112 of 591)
[2023-05-15 16:51:31] Importing Microsoft.AspNetCore.Razor.Runtime.dll.cil.trap.br (113 of 591)
[2023-05-15 16:51:31] Importing Microsoft.AspNetCore.Razor.Runtime.dll.trap.br (114 of 591)
[2023-05-15 16:51:31] Importing Microsoft.AspNetCore.Razor.dll.cil.trap.br (115 of 591)
[2023-05-15 16:51:31] Importing Microsoft.AspNetCore.Razor.dll.trap.br (116 of 591)
[2023-05-15 16:51:31] Importing Microsoft.AspNetCore.ResponseCaching.Abstractions.dll.cil.trap.br (117 of 591)
[2023-05-15 16:51:31] Importing Microsoft.AspNetCore.ResponseCaching.Abstractions.dll.trap.br (118 of 591)
[2023-05-15 16:51:31] Importing Microsoft.AspNetCore.ResponseCaching.dll.cil.trap.br (119 of 591)
[2023-05-15 16:51:31] Importing Microsoft.AspNetCore.ResponseCaching.dll.trap.br (120 of 591)
[2023-05-15 16:51:31] Importing Microsoft.AspNetCore.ResponseCompression.dll.cil.trap.br (121 of 591)
[2023-05-15 16:51:31] Importing Microsoft.AspNetCore.ResponseCompression.dll.trap.br (122 of 591)
[2023-05-15 16:51:31] Importing Microsoft.AspNetCore.Rewrite.dll.cil.trap.br (123 of 591)
[2023-05-15 16:51:31] Importing Microsoft.AspNetCore.Rewrite.dll.trap.br (124 of 591)
[2023-05-15 16:51:31] Importing Microsoft.AspNetCore.Routing.Abstractions.dll.cil.trap.br (125 of 591)
[2023-05-15 16:51:31] Importing Microsoft.AspNetCore.Routing.Abstractions.dll.trap.br (126 of 591)
[2023-05-15 16:51:31] Importing Microsoft.AspNetCore.Routing.dll.cil.trap.br (127 of 591)
[2023-05-15 16:51:31] Importing Microsoft.AspNetCore.Routing.dll.trap.br (128 of 591)
[2023-05-15 16:51:31] Importing Microsoft.AspNetCore.Server.HttpSys.dll.cil.trap.br (129 of 591)
[2023-05-15 16:51:31] Importing Microsoft.AspNetCore.Server.HttpSys.dll.trap.br (130 of 591)
[2023-05-15 16:51:31] Importing Microsoft.AspNetCore.Server.IIS.dll.cil.trap.br (131 of 591)
[2023-05-15 16:51:31] Importing Microsoft.AspNetCore.Server.IIS.dll.trap.br (132 of 591)
[2023-05-15 16:51:31] Importing Microsoft.AspNetCore.Server.IISIntegration.dll.cil.trap.br (133 of 591)
[2023-05-15 16:51:31] Importing Microsoft.AspNetCore.Server.IISIntegration.dll.trap.br (134 of 591)
[2023-05-15 16:51:31] Importing Microsoft.AspNetCore.Server.Kestrel.Core.dll.cil.trap.br (135 of 591)
[2023-05-15 16:51:32] Importing Microsoft.AspNetCore.Server.Kestrel.Core.dll.trap.br (136 of 591)
[2023-05-15 16:51:32] Importing Microsoft.AspNetCore.Server.Kestrel.Transport.Quic.dll.cil.trap.br (137 of 591)
[2023-05-15 16:51:32] Importing Microsoft.AspNetCore.Server.Kestrel.Transport.Quic.dll.trap.br (138 of 591)
[2023-05-15 16:51:32] Importing Microsoft.AspNetCore.Server.Kestrel.Transport.Sockets.dll.cil.trap.br (139 of 591)
[2023-05-15 16:51:32] Importing Microsoft.AspNetCore.Server.Kestrel.Transport.Sockets.dll.trap.br (140 of 591)
[2023-05-15 16:51:32] Importing Microsoft.AspNetCore.Server.Kestrel.dll.cil.trap.br (141 of 591)
[2023-05-15 16:51:32] Importing Microsoft.AspNetCore.Server.Kestrel.dll.trap.br (142 of 591)
[2023-05-15 16:51:32] Importing Microsoft.AspNetCore.Session.dll.cil.trap.br (143 of 591)
[2023-05-15 16:51:32] Importing Microsoft.AspNetCore.Session.dll.trap.br (144 of 591)
[2023-05-15 16:51:32] Importing Microsoft.AspNetCore.SignalR.Common.dll.cil.trap.br (145 of 591)
[2023-05-15 16:51:32] Importing Microsoft.AspNetCore.SignalR.Common.dll.trap.br (146 of 591)
[2023-05-15 16:51:32] Importing Microsoft.AspNetCore.SignalR.Core.dll.cil.trap.br (147 of 591)
[2023-05-15 16:51:32] Importing Microsoft.AspNetCore.SignalR.Core.dll.trap.br (148 of 591)
[2023-05-15 16:51:32] Importing Microsoft.AspNetCore.SignalR.Protocols.Json.dll.cil.trap.br (149 of 591)
[2023-05-15 16:51:32] Importing Microsoft.AspNetCore.SignalR.Protocols.Json.dll.trap.br (150 of 591)
[2023-05-15 16:51:32] Importing Microsoft.AspNetCore.SignalR.dll.cil.trap.br (151 of 591)
[2023-05-15 16:51:32] Importing Microsoft.AspNetCore.SignalR.dll.trap.br (152 of 591)
[2023-05-15 16:51:32] Importing Microsoft.AspNetCore.StaticFiles.dll.cil.trap.br (153 of 591)
[2023-05-15 16:51:32] Importing Microsoft.AspNetCore.StaticFiles.dll.trap.br (154 of 591)
[2023-05-15 16:51:32] Importing Microsoft.AspNetCore.WebSockets.dll.cil.trap.br (155 of 591)
[2023-05-15 16:51:32] Importing Microsoft.AspNetCore.WebSockets.dll.trap.br (156 of 591)
[2023-05-15 16:51:32] Importing Microsoft.AspNetCore.WebUtilities.dll.cil.trap.br (157 of 591)
[2023-05-15 16:51:32] Importing Microsoft.AspNetCore.WebUtilities.dll.trap.br (158 of 591)
[2023-05-15 16:51:32] Importing Microsoft.AspNetCore.dll.cil.trap.br (159 of 591)
[2023-05-15 16:51:32] Importing Microsoft.AspNetCore.dll.trap.br (160 of 591)
[2023-05-15 16:51:32] Importing Microsoft.Extensions.Caching.Abstractions.dll.cil.trap.br (161 of 591)
[2023-05-15 16:51:32] Importing Microsoft.Extensions.Caching.Abstractions.dll.trap.br (162 of 591)
[2023-05-15 16:51:32] Importing Microsoft.Extensions.Caching.Memory.dll.cil.trap.br (163 of 591)
[2023-05-15 16:51:32] Importing Microsoft.Extensions.Caching.Memory.dll.trap.br (164 of 591)
[2023-05-15 16:51:32] Importing Microsoft.Extensions.Configuration.Abstractions.dll.cil.trap.br (165 of 591)
[2023-05-15 16:51:32] Importing Microsoft.Extensions.Configuration.Abstractions.dll.trap.br (166 of 591)
[2023-05-15 16:51:32] Importing Microsoft.Extensions.Configuration.Binder.dll.cil.trap.br (167 of 591)
[2023-05-15 16:51:32] Importing Microsoft.Extensions.Configuration.Binder.dll.trap.br (168 of 591)
[2023-05-15 16:51:32] Importing Microsoft.Extensions.Configuration.CommandLine.dll.cil.trap.br (169 of 591)
[2023-05-15 16:51:32] Importing Microsoft.Extensions.Configuration.CommandLine.dll.trap.br (170 of 591)
[2023-05-15 16:51:32] Importing Microsoft.Extensions.Configuration.EnvironmentVariables.dll.cil.trap.br (171 of 591)
[2023-05-15 16:51:32] Importing Microsoft.Extensions.Configuration.EnvironmentVariables.dll.trap.br (172 of 591)
[2023-05-15 16:51:32] Importing Microsoft.Extensions.Configuration.FileExtensions.dll.cil.trap.br (173 of 591)
[2023-05-15 16:51:32] Importing Microsoft.Extensions.Configuration.FileExtensions.dll.trap.br (174 of 591)
[2023-05-15 16:51:32] Importing Microsoft.Extensions.Configuration.Ini.dll.cil.trap.br (175 of 591)
[2023-05-15 16:51:32] Importing Microsoft.Extensions.Configuration.Ini.dll.trap.br (176 of 591)
[2023-05-15 16:51:32] Importing Microsoft.Extensions.Configuration.Json.dll.cil.trap.br (177 of 591)
[2023-05-15 16:51:32] Importing Microsoft.Extensions.Configuration.Json.dll.trap.br (178 of 591)
[2023-05-15 16:51:32] Importing Microsoft.Extensions.Configuration.KeyPerFile.dll.cil.trap.br (179 of 591)
[2023-05-15 16:51:32] Importing Microsoft.Extensions.Configuration.KeyPerFile.dll.trap.br (180 of 591)
[2023-05-15 16:51:32] Importing Microsoft.Extensions.Configuration.UserSecrets.dll.cil.trap.br (181 of 591)
[2023-05-15 16:51:32] Importing Microsoft.Extensions.Configuration.UserSecrets.dll.trap.br (182 of 591)
[2023-05-15 16:51:32] Importing Microsoft.Extensions.Configuration.Xml.dll.cil.trap.br (183 of 591)
[2023-05-15 16:51:32] Importing Microsoft.Extensions.Configuration.Xml.dll.trap.br (184 of 591)
[2023-05-15 16:51:32] Importing Microsoft.Extensions.Configuration.dll.cil.trap.br (185 of 591)
[2023-05-15 16:51:32] Importing Microsoft.Extensions.Configuration.dll.trap.br (186 of 591)
[2023-05-15 16:51:32] Importing Microsoft.Extensions.DependencyInjection.Abstractions.dll.cil.trap.br (187 of 591)
[2023-05-15 16:51:32] Importing Microsoft.Extensions.DependencyInjection.Abstractions.dll.trap.br (188 of 591)
[2023-05-15 16:51:32] Importing Microsoft.Extensions.DependencyInjection.dll.cil.trap.br (189 of 591)
[2023-05-15 16:51:32] Importing Microsoft.Extensions.DependencyInjection.dll.trap.br (190 of 591)
[2023-05-15 16:51:32] Importing Microsoft.Extensions.Diagnostics.HealthChecks.Abstractions.dll.cil.trap.br (191 of 591)
[2023-05-15 16:51:32] Importing Microsoft.Extensions.Diagnostics.HealthChecks.Abstractions.dll.trap.br (192 of 591)
[2023-05-15 16:51:32] Importing Microsoft.Extensions.Diagnostics.HealthChecks.dll.cil.trap.br (193 of 591)
[2023-05-15 16:51:32] Importing Microsoft.Extensions.Diagnostics.HealthChecks.dll.trap.br (194 of 591)
[2023-05-15 16:51:32] Importing Microsoft.Extensions.Features.dll.cil.trap.br (195 of 591)
[2023-05-15 16:51:32] Importing Microsoft.Extensions.Features.dll.trap.br (196 of 591)
[2023-05-15 16:51:32] Importing Microsoft.Extensions.FileProviders.Abstractions.dll.cil.trap.br (197 of 591)
[2023-05-15 16:51:32] Importing Microsoft.Extensions.FileProviders.Abstractions.dll.trap.br (198 of 591)
[2023-05-15 16:51:32] Importing Microsoft.Extensions.FileProviders.Composite.dll.cil.trap.br (199 of 591)
[2023-05-15 16:51:32] Importing Microsoft.Extensions.FileProviders.Composite.dll.trap.br (200 of 591)
[2023-05-15 16:51:32] Importing Microsoft.Extensions.FileProviders.Embedded.dll.cil.trap.br (201 of 591)
[2023-05-15 16:51:32] Importing Microsoft.Extensions.FileProviders.Embedded.dll.trap.br (202 of 591)
[2023-05-15 16:51:32] Importing Microsoft.Extensions.FileProviders.Physical.dll.cil.trap.br (203 of 591)
[2023-05-15 16:51:32] Importing Microsoft.Extensions.FileProviders.Physical.dll.trap.br (204 of 591)
[2023-05-15 16:51:32] Importing Microsoft.Extensions.FileSystemGlobbing.dll.cil.trap.br (205 of 591)
[2023-05-15 16:51:32] Importing Microsoft.Extensions.FileSystemGlobbing.dll.trap.br (206 of 591)
[2023-05-15 16:51:32] Importing Microsoft.Extensions.Hosting.Abstractions.dll.cil.trap.br (207 of 591)
[2023-05-15 16:51:32] Importing Microsoft.Extensions.Hosting.Abstractions.dll.trap.br (208 of 591)
[2023-05-15 16:51:32] Importing Microsoft.Extensions.Hosting.dll.cil.trap.br (209 of 591)
[2023-05-15 16:51:32] Importing Microsoft.Extensions.Hosting.dll.trap.br (210 of 591)
[2023-05-15 16:51:32] Importing Microsoft.Extensions.Http.dll.cil.trap.br (211 of 591)
[2023-05-15 16:51:32] Importing Microsoft.Extensions.Http.dll.trap.br (212 of 591)
[2023-05-15 16:51:32] Importing Microsoft.Extensions.Identity.Core.dll.cil.trap.br (213 of 591)
[2023-05-15 16:51:32] Importing Microsoft.Extensions.Identity.Core.dll.trap.br (214 of 591)
[2023-05-15 16:51:32] Importing Microsoft.Extensions.Identity.Stores.dll.cil.trap.br (215 of 591)
[2023-05-15 16:51:32] Importing Microsoft.Extensions.Identity.Stores.dll.trap.br (216 of 591)
[2023-05-15 16:51:32] Importing Microsoft.Extensions.Localization.Abstractions.dll.cil.trap.br (217 of 591)
[2023-05-15 16:51:32] Importing Microsoft.Extensions.Localization.Abstractions.dll.trap.br (218 of 591)
[2023-05-15 16:51:32] Importing Microsoft.Extensions.Localization.dll.cil.trap.br (219 of 591)
[2023-05-15 16:51:32] Importing Microsoft.Extensions.Localization.dll.trap.br (220 of 591)
[2023-05-15 16:51:32] Importing Microsoft.Extensions.Logging.Abstractions.dll.cil.trap.br (221 of 591)
[2023-05-15 16:51:32] Importing Microsoft.Extensions.Logging.Abstractions.dll.trap.br (222 of 591)
[2023-05-15 16:51:32] Importing Microsoft.Extensions.Logging.Configuration.dll.cil.trap.br (223 of 591)
[2023-05-15 16:51:32] Importing Microsoft.Extensions.Logging.Configuration.dll.trap.br (224 of 591)
[2023-05-15 16:51:32] Importing Microsoft.Extensions.Logging.Console.dll.cil.trap.br (225 of 591)
[2023-05-15 16:51:32] Importing Microsoft.Extensions.Logging.Console.dll.trap.br (226 of 591)
[2023-05-15 16:51:32] Importing Microsoft.Extensions.Logging.Debug.dll.cil.trap.br (227 of 591)
[2023-05-15 16:51:32] Importing Microsoft.Extensions.Logging.Debug.dll.trap.br (228 of 591)
[2023-05-15 16:51:32] Importing Microsoft.Extensions.Logging.EventLog.dll.cil.trap.br (229 of 591)
[2023-05-15 16:51:32] Importing Microsoft.Extensions.Logging.EventLog.dll.trap.br (230 of 591)
[2023-05-15 16:51:32] Importing Microsoft.Extensions.Logging.EventSource.dll.cil.trap.br (231 of 591)
[2023-05-15 16:51:32] Importing Microsoft.Extensions.Logging.EventSource.dll.trap.br (232 of 591)
[2023-05-15 16:51:32] Importing Microsoft.Extensions.Logging.TraceSource.dll.cil.trap.br (233 of 591)
[2023-05-15 16:51:32] Importing Microsoft.Extensions.Logging.TraceSource.dll.trap.br (234 of 591)
[2023-05-15 16:51:32] Importing Microsoft.Extensions.Logging.dll.cil.trap.br (235 of 591)
[2023-05-15 16:51:32] Importing Microsoft.Extensions.Logging.dll.trap.br (236 of 591)
[2023-05-15 16:51:32] Importing Microsoft.Extensions.ObjectPool.dll.cil.trap.br (237 of 591)
[2023-05-15 16:51:32] Importing Microsoft.Extensions.ObjectPool.dll.trap.br (238 of 591)
[2023-05-15 16:51:32] Importing Microsoft.Extensions.Options.ConfigurationExtensions.dll.cil.trap.br (239 of 591)
[2023-05-15 16:51:32] Importing Microsoft.Extensions.Options.ConfigurationExtensions.dll.trap.br (240 of 591)
[2023-05-15 16:51:32] Importing Microsoft.Extensions.Options.DataAnnotations.dll.cil.trap.br (241 of 591)
[2023-05-15 16:51:32] Importing Microsoft.Extensions.Options.DataAnnotations.dll.trap.br (242 of 591)
[2023-05-15 16:51:32] Importing Microsoft.Extensions.Options.dll.cil.trap.br (243 of 591)
[2023-05-15 16:51:32] Importing Microsoft.Extensions.Options.dll.trap.br (244 of 591)
[2023-05-15 16:51:32] Importing Microsoft.Extensions.Primitives.dll.cil.trap.br (245 of 591)
[2023-05-15 16:51:32] Importing Microsoft.Extensions.Primitives.dll.trap.br (246 of 591)
[2023-05-15 16:51:32] Importing Microsoft.Extensions.WebEncoders.dll.cil.trap.br (247 of 591)
[2023-05-15 16:51:32] Importing Microsoft.Extensions.WebEncoders.dll.trap.br (248 of 591)
[2023-05-15 16:51:32] Importing Microsoft.JSInterop.dll.cil.trap.br (249 of 591)
[2023-05-15 16:51:32] Importing Microsoft.JSInterop.dll.trap.br (250 of 591)
[2023-05-15 16:51:32] Importing Microsoft.Net.Http.Headers.dll.cil.trap.br (251 of 591)
[2023-05-15 16:51:32] Importing Microsoft.Net.Http.Headers.dll.trap.br (252 of 591)
[2023-05-15 16:51:32] Importing System.Diagnostics.EventLog.dll.cil.trap.br (253 of 591)
[2023-05-15 16:51:32] Importing System.Diagnostics.EventLog.dll.trap.br (254 of 591)
[2023-05-15 16:51:32] Importing System.IO.Pipelines.dll.cil.trap.br (255 of 591)
[2023-05-15 16:51:32] Importing System.IO.Pipelines.dll.trap.br (256 of 591)
[2023-05-15 16:51:32] Importing System.Security.Cryptography.Xml.dll.cil.trap.br (257 of 591)
[2023-05-15 16:51:32] Importing System.Security.Cryptography.Xml.dll.trap.br (258 of 591)
[2023-05-15 16:51:32] Importing Microsoft.CSharp.dll.cil.trap.br (259 of 591)
[2023-05-15 16:51:32] Importing Microsoft.CSharp.dll.trap.br (260 of 591)
[2023-05-15 16:51:32] Importing Microsoft.VisualBasic.Core.dll.cil.trap.br (261 of 591)
[2023-05-15 16:51:33] Importing Microsoft.VisualBasic.Core.dll.trap.br (262 of 591)
[2023-05-15 16:51:33] Importing Microsoft.VisualBasic.dll.cil.trap.br (263 of 591)
[2023-05-15 16:51:33] Importing Microsoft.VisualBasic.dll.trap.br (264 of 591)
[2023-05-15 16:51:33] Importing Microsoft.Win32.Primitives.dll.cil.trap.br (265 of 591)
[2023-05-15 16:51:33] Importing Microsoft.Win32.Primitives.dll.trap.br (266 of 591)
[2023-05-15 16:51:33] Importing Microsoft.Win32.Registry.dll.cil.trap.br (267 of 591)
[2023-05-15 16:51:33] Importing Microsoft.Win32.Registry.dll.trap.br (268 of 591)
[2023-05-15 16:51:33] Importing System.AppContext.dll.cil.trap.br (269 of 591)
[2023-05-15 16:51:33] Importing System.AppContext.dll.trap.br (270 of 591)
[2023-05-15 16:51:33] Importing System.Buffers.dll.cil.trap.br (271 of 591)
[2023-05-15 16:51:33] Importing System.Buffers.dll.trap.br (272 of 591)
[2023-05-15 16:51:33] Importing System.Collections.Concurrent.dll.cil.trap.br (273 of 591)
[2023-05-15 16:51:33] Importing System.Collections.Concurrent.dll.trap.br (274 of 591)
[2023-05-15 16:51:33] Importing System.Collections.Immutable.dll.cil.trap.br (275 of 591)
[2023-05-15 16:51:33] Importing System.Collections.Immutable.dll.trap.br (276 of 591)
[2023-05-15 16:51:33] Importing System.Collections.NonGeneric.dll.cil.trap.br (277 of 591)
[2023-05-15 16:51:33] Importing System.Collections.NonGeneric.dll.trap.br (278 of 591)
[2023-05-15 16:51:33] Importing System.Collections.Specialized.dll.cil.trap.br (279 of 591)
[2023-05-15 16:51:33] Importing System.Collections.Specialized.dll.trap.br (280 of 591)
[2023-05-15 16:51:33] Importing System.Collections.dll.cil.trap.br (281 of 591)
[2023-05-15 16:51:33] Importing System.Collections.dll.trap.br (282 of 591)
[2023-05-15 16:51:33] Importing System.ComponentModel.Annotations.dll.cil.trap.br (283 of 591)
[2023-05-15 16:51:33] Importing System.ComponentModel.Annotations.dll.trap.br (284 of 591)
[2023-05-15 16:51:33] Importing System.ComponentModel.DataAnnotations.dll.cil.trap.br (285 of 591)
[2023-05-15 16:51:33] Importing System.ComponentModel.DataAnnotations.dll.trap.br (286 of 591)
[2023-05-15 16:51:33] Importing System.ComponentModel.EventBasedAsync.dll.cil.trap.br (287 of 591)
[2023-05-15 16:51:33] Importing System.ComponentModel.EventBasedAsync.dll.trap.br (288 of 591)
[2023-05-15 16:51:33] Importing System.ComponentModel.Primitives.dll.cil.trap.br (289 of 591)
[2023-05-15 16:51:33] Importing System.ComponentModel.Primitives.dll.trap.br (290 of 591)
[2023-05-15 16:51:33] Importing System.ComponentModel.TypeConverter.dll.cil.trap.br (291 of 591)
[2023-05-15 16:51:33] Importing System.ComponentModel.TypeConverter.dll.trap.br (292 of 591)
[2023-05-15 16:51:33] Importing System.ComponentModel.dll.cil.trap.br (293 of 591)
[2023-05-15 16:51:33] Importing System.ComponentModel.dll.trap.br (294 of 591)
[2023-05-15 16:51:33] Importing System.Configuration.dll.cil.trap.br (295 of 591)
[2023-05-15 16:51:33] Importing System.Configuration.dll.trap.br (296 of 591)
[2023-05-15 16:51:33] Importing System.Console.dll.cil.trap.br (297 of 591)
[2023-05-15 16:51:33] Importing System.Console.dll.trap.br (298 of 591)
[2023-05-15 16:51:33] Importing System.Core.dll.cil.trap.br (299 of 591)
[2023-05-15 16:51:33] Importing System.Core.dll.trap.br (300 of 591)
[2023-05-15 16:51:33] Importing System.Data.Common.dll.cil.trap.br (301 of 591)
[2023-05-15 16:51:33] Importing System.Data.Common.dll.trap.br (302 of 591)
[2023-05-15 16:51:33] Importing System.Data.DataSetExtensions.dll.cil.trap.br (303 of 591)
[2023-05-15 16:51:33] Importing System.Data.DataSetExtensions.dll.trap.br (304 of 591)
[2023-05-15 16:51:33] Importing System.Data.dll.cil.trap.br (305 of 591)
[2023-05-15 16:51:33] Importing System.Data.dll.trap.br (306 of 591)
[2023-05-15 16:51:33] Importing System.Diagnostics.Contracts.dll.cil.trap.br (307 of 591)
[2023-05-15 16:51:33] Importing System.Diagnostics.Contracts.dll.trap.br (308 of 591)
[2023-05-15 16:51:33] Importing System.Diagnostics.Debug.dll.cil.trap.br (309 of 591)
[2023-05-15 16:51:33] Importing System.Diagnostics.Debug.dll.trap.br (310 of 591)
[2023-05-15 16:51:33] Importing System.Diagnostics.DiagnosticSource.dll.cil.trap.br (311 of 591)
[2023-05-15 16:51:33] Importing System.Diagnostics.DiagnosticSource.dll.trap.br (312 of 591)
[2023-05-15 16:51:33] Importing System.Diagnostics.FileVersionInfo.dll.cil.trap.br (313 of 591)
[2023-05-15 16:51:33] Importing System.Diagnostics.FileVersionInfo.dll.trap.br (314 of 591)
[2023-05-15 16:51:33] Importing System.Diagnostics.Process.dll.cil.trap.br (315 of 591)
[2023-05-15 16:51:33] Importing System.Diagnostics.Process.dll.trap.br (316 of 591)
[2023-05-15 16:51:33] Importing System.Diagnostics.StackTrace.dll.cil.trap.br (317 of 591)
[2023-05-15 16:51:33] Importing System.Diagnostics.StackTrace.dll.trap.br (318 of 591)
[2023-05-15 16:51:33] Importing System.Diagnostics.TextWriterTraceListener.dll.cil.trap.br (319 of 591)
[2023-05-15 16:51:33] Importing System.Diagnostics.TextWriterTraceListener.dll.trap.br (320 of 591)
[2023-05-15 16:51:33] Importing System.Diagnostics.Tools.dll.cil.trap.br (321 of 591)
[2023-05-15 16:51:33] Importing System.Diagnostics.Tools.dll.trap.br (322 of 591)
[2023-05-15 16:51:33] Importing System.Diagnostics.TraceSource.dll.cil.trap.br (323 of 591)
[2023-05-15 16:51:33] Importing System.Diagnostics.TraceSource.dll.trap.br (324 of 591)
[2023-05-15 16:51:33] Importing System.Diagnostics.Tracing.dll.cil.trap.br (325 of 591)
[2023-05-15 16:51:33] Importing System.Diagnostics.Tracing.dll.trap.br (326 of 591)
[2023-05-15 16:51:33] Importing System.Drawing.Primitives.dll.cil.trap.br (327 of 591)
[2023-05-15 16:51:33] Importing System.Drawing.Primitives.dll.trap.br (328 of 591)
[2023-05-15 16:51:33] Importing System.Drawing.dll.cil.trap.br (329 of 591)
[2023-05-15 16:51:33] Importing System.Drawing.dll.trap.br (330 of 591)
[2023-05-15 16:51:33] Importing System.Dynamic.Runtime.dll.cil.trap.br (331 of 591)
[2023-05-15 16:51:33] Importing System.Dynamic.Runtime.dll.trap.br (332 of 591)
[2023-05-15 16:51:33] Importing System.Formats.Asn1.dll.cil.trap.br (333 of 591)
[2023-05-15 16:51:33] Importing System.Formats.Asn1.dll.trap.br (334 of 591)
[2023-05-15 16:51:33] Importing System.Globalization.Calendars.dll.cil.trap.br (335 of 591)
[2023-05-15 16:51:33] Importing System.Globalization.Calendars.dll.trap.br (336 of 591)
[2023-05-15 16:51:33] Importing System.Globalization.Extensions.dll.cil.trap.br (337 of 591)
[2023-05-15 16:51:33] Importing System.Globalization.Extensions.dll.trap.br (338 of 591)
[2023-05-15 16:51:33] Importing System.Globalization.dll.cil.trap.br (339 of 591)
[2023-05-15 16:51:33] Importing System.Globalization.dll.trap.br (340 of 591)
[2023-05-15 16:51:33] Importing System.IO.Compression.Brotli.dll.cil.trap.br (341 of 591)
[2023-05-15 16:51:33] Importing System.IO.Compression.Brotli.dll.trap.br (342 of 591)
[2023-05-15 16:51:33] Importing System.IO.Compression.FileSystem.dll.cil.trap.br (343 of 591)
[2023-05-15 16:51:33] Importing System.IO.Compression.FileSystem.dll.trap.br (344 of 591)
[2023-05-15 16:51:33] Importing System.IO.Compression.ZipFile.dll.cil.trap.br (345 of 591)
[2023-05-15 16:51:33] Importing System.IO.Compression.ZipFile.dll.trap.br (346 of 591)
[2023-05-15 16:51:33] Importing System.IO.Compression.dll.cil.trap.br (347 of 591)
[2023-05-15 16:51:33] Importing System.IO.Compression.dll.trap.br (348 of 591)
[2023-05-15 16:51:33] Importing System.IO.FileSystem.AccessControl.dll.cil.trap.br (349 of 591)
[2023-05-15 16:51:33] Importing System.IO.FileSystem.AccessControl.dll.trap.br (350 of 591)
[2023-05-15 16:51:33] Importing System.IO.FileSystem.DriveInfo.dll.cil.trap.br (351 of 591)
[2023-05-15 16:51:33] Importing System.IO.FileSystem.DriveInfo.dll.trap.br (352 of 591)
[2023-05-15 16:51:33] Importing System.IO.FileSystem.Primitives.dll.cil.trap.br (353 of 591)
[2023-05-15 16:51:33] Importing System.IO.FileSystem.Primitives.dll.trap.br (354 of 591)
[2023-05-15 16:51:33] Importing System.IO.FileSystem.Watcher.dll.cil.trap.br (355 of 591)
[2023-05-15 16:51:33] Importing System.IO.FileSystem.Watcher.dll.trap.br (356 of 591)
[2023-05-15 16:51:33] Importing System.IO.FileSystem.dll.cil.trap.br (357 of 591)
[2023-05-15 16:51:33] Importing System.IO.FileSystem.dll.trap.br (358 of 591)
[2023-05-15 16:51:33] Importing System.IO.IsolatedStorage.dll.cil.trap.br (359 of 591)
[2023-05-15 16:51:33] Importing System.IO.IsolatedStorage.dll.trap.br (360 of 591)
[2023-05-15 16:51:33] Importing System.IO.MemoryMappedFiles.dll.cil.trap.br (361 of 591)
[2023-05-15 16:51:33] Importing System.IO.MemoryMappedFiles.dll.trap.br (362 of 591)
[2023-05-15 16:51:33] Importing System.IO.Pipes.AccessControl.dll.cil.trap.br (363 of 591)
[2023-05-15 16:51:33] Importing System.IO.Pipes.AccessControl.dll.trap.br (364 of 591)
[2023-05-15 16:51:33] Importing System.IO.Pipes.dll.cil.trap.br (365 of 591)
[2023-05-15 16:51:33] Importing System.IO.Pipes.dll.trap.br (366 of 591)
[2023-05-15 16:51:33] Importing System.IO.UnmanagedMemoryStream.dll.cil.trap.br (367 of 591)
[2023-05-15 16:51:33] Importing System.IO.UnmanagedMemoryStream.dll.trap.br (368 of 591)
[2023-05-15 16:51:33] Importing System.IO.dll.cil.trap.br (369 of 591)
[2023-05-15 16:51:33] Importing System.IO.dll.trap.br (370 of 591)
[2023-05-15 16:51:33] Importing System.Linq.Expressions.dll.cil.trap.br (371 of 591)
[2023-05-15 16:51:33] Importing System.Linq.Expressions.dll.trap.br (372 of 591)
[2023-05-15 16:51:33] Importing System.Linq.Parallel.dll.cil.trap.br (373 of 591)
[2023-05-15 16:51:33] Importing System.Linq.Parallel.dll.trap.br (374 of 591)
[2023-05-15 16:51:33] Importing System.Linq.Queryable.dll.cil.trap.br (375 of 591)
[2023-05-15 16:51:33] Importing System.Linq.Queryable.dll.trap.br (376 of 591)
[2023-05-15 16:51:33] Importing System.Linq.dll.cil.trap.br (377 of 591)
[2023-05-15 16:51:33] Importing System.Linq.dll.trap.br (378 of 591)
[2023-05-15 16:51:33] Importing System.Memory.dll.cil.trap.br (379 of 591)
[2023-05-15 16:51:33] Importing System.Memory.dll.trap.br (380 of 591)
[2023-05-15 16:51:33] Importing System.Net.Http.Json.dll.cil.trap.br (381 of 591)
[2023-05-15 16:51:33] Importing System.Net.Http.Json.dll.trap.br (382 of 591)
[2023-05-15 16:51:33] Importing System.Net.Http.dll.cil.trap.br (383 of 591)
[2023-05-15 16:51:33] Importing System.Net.Http.dll.trap.br (384 of 591)
[2023-05-15 16:51:33] Importing System.Net.HttpListener.dll.cil.trap.br (385 of 591)
[2023-05-15 16:51:33] Importing System.Net.HttpListener.dll.trap.br (386 of 591)
[2023-05-15 16:51:33] Importing System.Net.Mail.dll.cil.trap.br (387 of 591)
[2023-05-15 16:51:33] Importing System.Net.Mail.dll.trap.br (388 of 591)
[2023-05-15 16:51:33] Importing System.Net.NameResolution.dll.cil.trap.br (389 of 591)
[2023-05-15 16:51:33] Importing System.Net.NameResolution.dll.trap.br (390 of 591)
[2023-05-15 16:51:33] Importing System.Net.NetworkInformation.dll.cil.trap.br (391 of 591)
[2023-05-15 16:51:33] Importing System.Net.NetworkInformation.dll.trap.br (392 of 591)
[2023-05-15 16:51:33] Importing System.Net.Ping.dll.cil.trap.br (393 of 591)
[2023-05-15 16:51:33] Importing System.Net.Ping.dll.trap.br (394 of 591)
[2023-05-15 16:51:33] Importing System.Net.Primitives.dll.cil.trap.br (395 of 591)
[2023-05-15 16:51:33] Importing System.Net.Primitives.dll.trap.br (396 of 591)
[2023-05-15 16:51:33] Importing System.Net.Requests.dll.cil.trap.br (397 of 591)
[2023-05-15 16:51:33] Importing System.Net.Requests.dll.trap.br (398 of 591)
[2023-05-15 16:51:33] Importing System.Net.Security.dll.cil.trap.br (399 of 591)
[2023-05-15 16:51:33] Importing System.Net.Security.dll.trap.br (400 of 591)
[2023-05-15 16:51:33] Importing System.Net.ServicePoint.dll.cil.trap.br (401 of 591)
[2023-05-15 16:51:34] Importing System.Net.ServicePoint.dll.trap.br (402 of 591)
[2023-05-15 16:51:34] Importing System.Net.Sockets.dll.cil.trap.br (403 of 591)
[2023-05-15 16:51:34] Importing System.Net.Sockets.dll.trap.br (404 of 591)
[2023-05-15 16:51:34] Importing System.Net.WebClient.dll.cil.trap.br (405 of 591)
[2023-05-15 16:51:34] Importing System.Net.WebClient.dll.trap.br (406 of 591)
[2023-05-15 16:51:34] Importing System.Net.WebHeaderCollection.dll.cil.trap.br (407 of 591)
[2023-05-15 16:51:34] Importing System.Net.WebHeaderCollection.dll.trap.br (408 of 591)
[2023-05-15 16:51:34] Importing System.Net.WebProxy.dll.cil.trap.br (409 of 591)
[2023-05-15 16:51:34] Importing System.Net.WebProxy.dll.trap.br (410 of 591)
[2023-05-15 16:51:34] Importing System.Net.WebSockets.Client.dll.cil.trap.br (411 of 591)
[2023-05-15 16:51:34] Importing System.Net.WebSockets.Client.dll.trap.br (412 of 591)
[2023-05-15 16:51:34] Importing System.Net.WebSockets.dll.cil.trap.br (413 of 591)
[2023-05-15 16:51:34] Importing System.Net.WebSockets.dll.trap.br (414 of 591)
[2023-05-15 16:51:34] Importing System.Net.dll.cil.trap.br (415 of 591)
[2023-05-15 16:51:34] Importing System.Net.dll.trap.br (416 of 591)
[2023-05-15 16:51:34] Importing System.Numerics.Vectors.dll.cil.trap.br (417 of 591)
[2023-05-15 16:51:34] Importing System.Numerics.Vectors.dll.trap.br (418 of 591)
[2023-05-15 16:51:34] Importing System.Numerics.dll.cil.trap.br (419 of 591)
[2023-05-15 16:51:34] Importing System.Numerics.dll.trap.br (420 of 591)
[2023-05-15 16:51:34] Importing System.ObjectModel.dll.cil.trap.br (421 of 591)
[2023-05-15 16:51:34] Importing System.ObjectModel.dll.trap.br (422 of 591)
[2023-05-15 16:51:34] Importing System.Reflection.DispatchProxy.dll.cil.trap.br (423 of 591)
[2023-05-15 16:51:34] Importing System.Reflection.DispatchProxy.dll.trap.br (424 of 591)
[2023-05-15 16:51:34] Importing System.Reflection.Emit.ILGeneration.dll.cil.trap.br (425 of 591)
[2023-05-15 16:51:34] Importing System.Reflection.Emit.ILGeneration.dll.trap.br (426 of 591)
[2023-05-15 16:51:34] Importing System.Reflection.Emit.Lightweight.dll.cil.trap.br (427 of 591)
[2023-05-15 16:51:34] Importing System.Reflection.Emit.Lightweight.dll.trap.br (428 of 591)
[2023-05-15 16:51:34] Importing System.Reflection.Emit.dll.cil.trap.br (429 of 591)
[2023-05-15 16:51:34] Importing System.Reflection.Emit.dll.trap.br (430 of 591)
[2023-05-15 16:51:34] Importing System.Reflection.Extensions.dll.cil.trap.br (431 of 591)
[2023-05-15 16:51:34] Importing System.Reflection.Extensions.dll.trap.br (432 of 591)
[2023-05-15 16:51:34] Importing System.Reflection.Metadata.dll.cil.trap.br (433 of 591)
[2023-05-15 16:51:34] Importing System.Reflection.Metadata.dll.trap.br (434 of 591)
[2023-05-15 16:51:34] Importing System.Reflection.Primitives.dll.cil.trap.br (435 of 591)
[2023-05-15 16:51:34] Importing System.Reflection.Primitives.dll.trap.br (436 of 591)
[2023-05-15 16:51:34] Importing System.Reflection.TypeExtensions.dll.cil.trap.br (437 of 591)
[2023-05-15 16:51:34] Importing System.Reflection.TypeExtensions.dll.trap.br (438 of 591)
[2023-05-15 16:51:34] Importing System.Reflection.dll.cil.trap.br (439 of 591)
[2023-05-15 16:51:34] Importing System.Reflection.dll.trap.br (440 of 591)
[2023-05-15 16:51:34] Importing System.Resources.Reader.dll.cil.trap.br (441 of 591)
[2023-05-15 16:51:34] Importing System.Resources.Reader.dll.trap.br (442 of 591)
[2023-05-15 16:51:34] Importing System.Resources.ResourceManager.dll.cil.trap.br (443 of 591)
[2023-05-15 16:51:34] Importing System.Resources.ResourceManager.dll.trap.br (444 of 591)
[2023-05-15 16:51:34] Importing System.Resources.Writer.dll.cil.trap.br (445 of 591)
[2023-05-15 16:51:34] Importing System.Resources.Writer.dll.trap.br (446 of 591)
[2023-05-15 16:51:34] Importing System.Runtime.CompilerServices.Unsafe.dll.cil.trap.br (447 of 591)
[2023-05-15 16:51:34] Importing System.Runtime.CompilerServices.Unsafe.dll.trap.br (448 of 591)
[2023-05-15 16:51:34] Importing System.Runtime.CompilerServices.VisualC.dll.cil.trap.br (449 of 591)
[2023-05-15 16:51:34] Importing System.Runtime.CompilerServices.VisualC.dll.trap.br (450 of 591)
[2023-05-15 16:51:34] Importing System.Runtime.Extensions.dll.cil.trap.br (451 of 591)
[2023-05-15 16:51:34] Importing System.Runtime.Extensions.dll.trap.br (452 of 591)
[2023-05-15 16:51:34] Importing System.Runtime.Handles.dll.cil.trap.br (453 of 591)
[2023-05-15 16:51:34] Importing System.Runtime.Handles.dll.trap.br (454 of 591)
[2023-05-15 16:51:34] Importing System.Runtime.InteropServices.RuntimeInformation.dll.cil.trap.br (455 of 591)
[2023-05-15 16:51:34] Importing System.Runtime.InteropServices.RuntimeInformation.dll.trap.br (456 of 591)
[2023-05-15 16:51:34] Importing System.Runtime.InteropServices.dll.cil.trap.br (457 of 591)
[2023-05-15 16:51:34] Importing System.Runtime.InteropServices.dll.trap.br (458 of 591)
[2023-05-15 16:51:34] Importing System.Runtime.Intrinsics.dll.cil.trap.br (459 of 591)
[2023-05-15 16:51:34] Importing System.Runtime.Intrinsics.dll.trap.br (460 of 591)
[2023-05-15 16:51:34] Importing System.Runtime.Loader.dll.cil.trap.br (461 of 591)
[2023-05-15 16:51:34] Importing System.Runtime.Loader.dll.trap.br (462 of 591)
[2023-05-15 16:51:34] Importing System.Runtime.Numerics.dll.cil.trap.br (463 of 591)
[2023-05-15 16:51:34] Importing System.Runtime.Numerics.dll.trap.br (464 of 591)
[2023-05-15 16:51:34] Importing System.Runtime.Serialization.Formatters.dll.cil.trap.br (465 of 591)
[2023-05-15 16:51:34] Importing System.Runtime.Serialization.Formatters.dll.trap.br (466 of 591)
[2023-05-15 16:51:34] Importing System.Runtime.Serialization.Json.dll.cil.trap.br (467 of 591)
[2023-05-15 16:51:34] Importing System.Runtime.Serialization.Json.dll.trap.br (468 of 591)
[2023-05-15 16:51:34] Importing System.Runtime.Serialization.Primitives.dll.cil.trap.br (469 of 591)
[2023-05-15 16:51:34] Importing System.Runtime.Serialization.Primitives.dll.trap.br (470 of 591)
[2023-05-15 16:51:34] Importing System.Runtime.Serialization.Xml.dll.cil.trap.br (471 of 591)
[2023-05-15 16:51:34] Importing System.Runtime.Serialization.Xml.dll.trap.br (472 of 591)
[2023-05-15 16:51:34] Importing System.Runtime.Serialization.dll.cil.trap.br (473 of 591)
[2023-05-15 16:51:34] Importing System.Runtime.Serialization.dll.trap.br (474 of 591)
[2023-05-15 16:51:34] Importing System.Runtime.dll.cil.trap.br (475 of 591)
[2023-05-15 16:51:34] Importing System.Runtime.dll.trap.br (476 of 591)
[2023-05-15 16:51:35] Importing System.Security.AccessControl.dll.cil.trap.br (477 of 591)
[2023-05-15 16:51:35] Importing System.Security.AccessControl.dll.trap.br (478 of 591)
[2023-05-15 16:51:35] Importing System.Security.Claims.dll.cil.trap.br (479 of 591)
[2023-05-15 16:51:35] Importing System.Security.Claims.dll.trap.br (480 of 591)
[2023-05-15 16:51:35] Importing System.Security.Cryptography.Algorithms.dll.cil.trap.br (481 of 591)
[2023-05-15 16:51:35] Importing System.Security.Cryptography.Algorithms.dll.trap.br (482 of 591)
[2023-05-15 16:51:35] Importing System.Security.Cryptography.Cng.dll.cil.trap.br (483 of 591)
[2023-05-15 16:51:35] Importing System.Security.Cryptography.Cng.dll.trap.br (484 of 591)
[2023-05-15 16:51:35] Importing System.Security.Cryptography.Csp.dll.cil.trap.br (485 of 591)
[2023-05-15 16:51:35] Importing System.Security.Cryptography.Csp.dll.trap.br (486 of 591)
[2023-05-15 16:51:35] Importing System.Security.Cryptography.Encoding.dll.cil.trap.br (487 of 591)
[2023-05-15 16:51:35] Importing System.Security.Cryptography.Encoding.dll.trap.br (488 of 591)
[2023-05-15 16:51:35] Importing System.Security.Cryptography.OpenSsl.dll.cil.trap.br (489 of 591)
[2023-05-15 16:51:35] Importing System.Security.Cryptography.OpenSsl.dll.trap.br (490 of 591)
[2023-05-15 16:51:35] Importing System.Security.Cryptography.Primitives.dll.cil.trap.br (491 of 591)
[2023-05-15 16:51:35] Importing System.Security.Cryptography.Primitives.dll.trap.br (492 of 591)
[2023-05-15 16:51:35] Importing System.Security.Cryptography.X509Certificates.dll.cil.trap.br (493 of 591)
[2023-05-15 16:51:35] Importing System.Security.Cryptography.X509Certificates.dll.trap.br (494 of 591)
[2023-05-15 16:51:35] Importing System.Security.Principal.Windows.dll.cil.trap.br (495 of 591)
[2023-05-15 16:51:35] Importing System.Security.Principal.Windows.dll.trap.br (496 of 591)
[2023-05-15 16:51:35] Importing System.Security.Principal.dll.cil.trap.br (497 of 591)
[2023-05-15 16:51:35] Importing System.Security.Principal.dll.trap.br (498 of 591)
[2023-05-15 16:51:35] Importing System.Security.SecureString.dll.cil.trap.br (499 of 591)
[2023-05-15 16:51:35] Importing System.Security.SecureString.dll.trap.br (500 of 591)
[2023-05-15 16:51:35] Importing System.Security.dll.cil.trap.br (501 of 591)
[2023-05-15 16:51:35] Importing System.Security.dll.trap.br (502 of 591)
[2023-05-15 16:51:35] Importing System.ServiceModel.Web.dll.cil.trap.br (503 of 591)
[2023-05-15 16:51:35] Importing System.ServiceModel.Web.dll.trap.br (504 of 591)
[2023-05-15 16:51:35] Importing System.ServiceProcess.dll.cil.trap.br (505 of 591)
[2023-05-15 16:51:35] Importing System.ServiceProcess.dll.trap.br (506 of 591)
[2023-05-15 16:51:35] Importing System.Text.Encoding.CodePages.dll.cil.trap.br (507 of 591)
[2023-05-15 16:51:35] Importing System.Text.Encoding.CodePages.dll.trap.br (508 of 591)
[2023-05-15 16:51:35] Importing System.Text.Encoding.Extensions.dll.cil.trap.br (509 of 591)
[2023-05-15 16:51:35] Importing System.Text.Encoding.Extensions.dll.trap.br (510 of 591)
[2023-05-15 16:51:35] Importing System.Text.Encoding.dll.cil.trap.br (511 of 591)
[2023-05-15 16:51:35] Importing System.Text.Encoding.dll.trap.br (512 of 591)
[2023-05-15 16:51:35] Importing System.Text.Encodings.Web.dll.cil.trap.br (513 of 591)
[2023-05-15 16:51:35] Importing System.Text.Encodings.Web.dll.trap.br (514 of 591)
[2023-05-15 16:51:35] Importing System.Text.Json.dll.cil.trap.br (515 of 591)
[2023-05-15 16:51:35] Importing System.Text.Json.dll.trap.br (516 of 591)
[2023-05-15 16:51:35] Importing System.Text.RegularExpressions.dll.cil.trap.br (517 of 591)
[2023-05-15 16:51:35] Importing System.Text.RegularExpressions.dll.trap.br (518 of 591)
[2023-05-15 16:51:35] Importing System.Threading.Channels.dll.cil.trap.br (519 of 591)
[2023-05-15 16:51:35] Importing System.Threading.Channels.dll.trap.br (520 of 591)
[2023-05-15 16:51:35] Importing System.Threading.Overlapped.dll.cil.trap.br (521 of 591)
[2023-05-15 16:51:35] Importing System.Threading.Overlapped.dll.trap.br (522 of 591)
[2023-05-15 16:51:35] Importing System.Threading.Tasks.Dataflow.dll.cil.trap.br (523 of 591)
[2023-05-15 16:51:35] Importing System.Threading.Tasks.Dataflow.dll.trap.br (524 of 591)
[2023-05-15 16:51:35] Importing System.Threading.Tasks.Extensions.dll.cil.trap.br (525 of 591)
[2023-05-15 16:51:35] Importing System.Threading.Tasks.Extensions.dll.trap.br (526 of 591)
[2023-05-15 16:51:35] Importing System.Threading.Tasks.Parallel.dll.cil.trap.br (527 of 591)
[2023-05-15 16:51:35] Importing System.Threading.Tasks.Parallel.dll.trap.br (528 of 591)
[2023-05-15 16:51:35] Importing System.Threading.Tasks.dll.cil.trap.br (529 of 591)
[2023-05-15 16:51:35] Importing System.Threading.Tasks.dll.trap.br (530 of 591)
[2023-05-15 16:51:35] Importing System.Threading.Thread.dll.cil.trap.br (531 of 591)
[2023-05-15 16:51:35] Importing System.Threading.Thread.dll.trap.br (532 of 591)
[2023-05-15 16:51:35] Importing System.Threading.ThreadPool.dll.cil.trap.br (533 of 591)
[2023-05-15 16:51:35] Importing System.Threading.ThreadPool.dll.trap.br (534 of 591)
[2023-05-15 16:51:35] Importing System.Threading.Timer.dll.cil.trap.br (535 of 591)
[2023-05-15 16:51:35] Importing System.Threading.Timer.dll.trap.br (536 of 591)
[2023-05-15 16:51:35] Importing System.Threading.dll.cil.trap.br (537 of 591)
[2023-05-15 16:51:35] Importing System.Threading.dll.trap.br (538 of 591)
[2023-05-15 16:51:35] Importing System.Transactions.Local.dll.cil.trap.br (539 of 591)
[2023-05-15 16:51:35] Importing System.Transactions.Local.dll.trap.br (540 of 591)
[2023-05-15 16:51:35] Importing System.Transactions.dll.cil.trap.br (541 of 591)
[2023-05-15 16:51:35] Importing System.Transactions.dll.trap.br (542 of 591)
[2023-05-15 16:51:35] Importing System.ValueTuple.dll.cil.trap.br (543 of 591)
[2023-05-15 16:51:35] Importing System.ValueTuple.dll.trap.br (544 of 591)
[2023-05-15 16:51:35] Importing System.Web.HttpUtility.dll.cil.trap.br (545 of 591)
[2023-05-15 16:51:35] Importing System.Web.HttpUtility.dll.trap.br (546 of 591)
[2023-05-15 16:51:35] Importing System.Web.dll.cil.trap.br (547 of 591)
[2023-05-15 16:51:35] Importing System.Web.dll.trap.br (548 of 591)
[2023-05-15 16:51:35] Importing System.Windows.dll.cil.trap.br (549 of 591)
[2023-05-15 16:51:35] Importing System.Windows.dll.trap.br (550 of 591)
[2023-05-15 16:51:35] Importing System.Xml.Linq.dll.cil.trap.br (551 of 591)
[2023-05-15 16:51:35] Importing System.Xml.Linq.dll.trap.br (552 of 591)
[2023-05-15 16:51:35] Importing System.Xml.ReaderWriter.dll.cil.trap.br (553 of 591)
[2023-05-15 16:51:35] Importing System.Xml.ReaderWriter.dll.trap.br (554 of 591)
[2023-05-15 16:51:35] Importing System.Xml.Serialization.dll.cil.trap.br (555 of 591)
[2023-05-15 16:51:35] Importing System.Xml.Serialization.dll.trap.br (556 of 591)
[2023-05-15 16:51:35] Importing System.Xml.XDocument.dll.cil.trap.br (557 of 591)
[2023-05-15 16:51:35] Importing System.Xml.XDocument.dll.trap.br (558 of 591)
[2023-05-15 16:51:35] Importing System.Xml.XPath.XDocument.dll.cil.trap.br (559 of 591)
[2023-05-15 16:51:35] Importing System.Xml.XPath.XDocument.dll.trap.br (560 of 591)
[2023-05-15 16:51:35] Importing System.Xml.XPath.dll.cil.trap.br (561 of 591)
[2023-05-15 16:51:35] Importing System.Xml.XPath.dll.trap.br (562 of 591)
[2023-05-15 16:51:35] Importing System.Xml.XmlDocument.dll.cil.trap.br (563 of 591)
[2023-05-15 16:51:35] Importing System.Xml.XmlDocument.dll.trap.br (564 of 591)
[2023-05-15 16:51:35] Importing System.Xml.XmlSerializer.dll.cil.trap.br (565 of 591)
[2023-05-15 16:51:35] Importing System.Xml.XmlSerializer.dll.trap.br (566 of 591)
[2023-05-15 16:51:35] Importing System.Xml.dll.cil.trap.br (567 of 591)
[2023-05-15 16:51:35] Importing System.Xml.dll.trap.br (568 of 591)
[2023-05-15 16:51:35] Importing System.dll.cil.trap.br (569 of 591)
[2023-05-15 16:51:35] Importing System.dll.trap.br (570 of 591)
[2023-05-15 16:51:35] Importing WindowsBase.dll.cil.trap.br (571 of 591)
[2023-05-15 16:51:35] Importing WindowsBase.dll.trap.br (572 of 591)
[2023-05-15 16:51:35] Importing mscorlib.dll.cil.trap.br (573 of 591)
[2023-05-15 16:51:35] Importing mscorlib.dll.trap.br (574 of 591)
[2023-05-15 16:51:35] Importing netstandard.dll.cil.trap.br (575 of 591)
[2023-05-15 16:51:35] Importing netstandard.dll.trap.br (576 of 591)
[2023-05-15 16:51:35] Importing HomeController.cs.trap.br (577 of 591)
[2023-05-15 16:51:35] Importing ErrorViewModel.cs.trap.br (578 of 591)
[2023-05-15 16:51:35] Importing Program.cs.trap.br (579 of 591)
[2023-05-15 16:51:35] Importing mysamplemvc.csproj.trap.gz (580 of 591)
[2023-05-15 16:51:35] Importing .NETCoreApp,Version=v6.0.AssemblyAttributes.cs.trap.br (581 of 591)
[2023-05-15 16:51:35] Importing mysamplemvc.AssemblyInfo.cs.trap.br (582 of 591)
[2023-05-15 16:51:35] Importing mysamplemvc.GlobalUsings.g.cs.trap.br (583 of 591)
[2023-05-15 16:51:35] Importing mysamplemvc.RazorAssemblyInfo.cs.trap.br (584 of 591)
[2023-05-15 16:51:35] Importing mysamplemvc.dll.trap.br (585 of 591)
[2023-05-15 16:51:35] Importing msbuild.build.mysamplemvc.props.trap.gz (586 of 591)
[2023-05-15 16:51:35] Importing msbuild.buildMultiTargeting.mysamplemvc.props.trap.gz (587 of 591)
[2023-05-15 16:51:35] Importing msbuild.buildTransitive.mysamplemvc.props.trap.gz (588 of 591)
[2023-05-15 16:51:35] Importing msbuild.mysamplemvc.Microsoft.AspNetCore.StaticWebAssets.props.trap.gz (589 of 591)
[2023-05-15 16:51:35] Importing mysamplemvc.csproj.nuget.g.props.trap.gz (590 of 591)
[2023-05-15 16:51:35] Importing sourceLocationPrefix.trap.gz (591 of 591)
[2023-05-15 16:51:37] Merging 1 fragment for assemblies.
[2023-05-15 16:51:37] Merging 1 fragment for containerparent.
[2023-05-15 16:51:37] Merging 1 fragment for files.
[2023-05-15 16:51:37] Merging 1 fragment for namespaces.
[2023-05-15 16:51:37] Merging 1 fragment for parent_namespace.
[2023-05-15 16:51:37] Merging 3 fragments for metadata_handle.
[2023-05-15 16:51:37] Merging 1 fragment for cil_type.
[2023-05-15 16:51:37] Merging 1 fragment for cil_class.
[2023-05-15 16:51:37] Merging 1 fragment for cil_type_location.
[2023-05-15 16:51:37] Merging 1 fragment for cil_attribute.
[2023-05-15 16:51:37] Merging 1 fragment for cil_sealed.
[2023-05-15 16:51:37] Merging 1 fragment for cil_base_class.
[2023-05-15 16:51:37] Merging 1 fragment for cil_attribute_positional_argument.
[2023-05-15 16:51:37] Merging 1 fragment for cil_attribute_named_argument.
[2023-05-15 16:51:37] Merging 1 fragment for cil_abstract.
[2023-05-15 16:51:37] Merging 1 fragment for cil_public.
[2023-05-15 16:51:37] Merging 1 fragment for cil_interface.
[2023-05-15 16:51:37] Merging 1 fragment for cil_base_interface.
[2023-05-15 16:51:37] Merging 1 fragment for cil_implements.
[2023-05-15 16:51:37] Merging 1 fragment for cil_method.
[2023-05-15 16:51:37] Merging 1 fragment for cil_method_source_declaration.
[2023-05-15 16:51:37] Merging 1 fragment for cil_method_location.
[2023-05-15 16:51:37] Merging 1 fragment for cil_method_implementation.
[2023-05-15 16:51:37] Merging 2 fragments for cil_instruction.
[2023-05-15 16:51:37] Merging 1 fragment for cil_method_stack_size.
[2023-05-15 16:51:37] Merging 1 fragment for cil_protected.
[2023-05-15 16:51:37] Merging 1 fragment for cil_specialname.
[2023-05-15 16:51:37] Merging 1 fragment for cil_static.
[2023-05-15 16:51:37] Merging 1 fragment for cil_virtual.
[2023-05-15 16:51:37] Merging 1 fragment for cil_newslot.
[2023-05-15 16:51:37] Merging 1 fragment for cil_type_annotation.
[2023-05-15 16:51:37] Merging 1 fragment for cil_parameter_out.
[2023-05-15 16:51:37] Merging 1 fragment for cil_private.
[2023-05-15 16:51:37] Merging 1 fragment for folders.
[2023-05-15 16:51:37] Merging 1 fragment for cil_field.
[2023-05-15 16:51:37] Merging 1 fragment for cil_property.
[2023-05-15 16:51:37] Merging 1 fragment for cil_getter.
[2023-05-15 16:51:37] Merging 1 fragment for cil_setter.
[2023-05-15 16:51:37] Merging 1 fragment for cil_type_argument.
[2023-05-15 16:51:37] Merging 1 fragment for cil_internal.
[2023-05-15 16:51:37] Merging 2 fragments for cil_parameter.
[2023-05-15 16:51:37] Merging 1 fragment for cil_array_type.
[2023-05-15 16:51:37] Merging 1 fragment for cil_type_parameter.
[2023-05-15 16:51:37] Merging 1 fragment for typerefs.
[2023-05-15 16:51:37] Merging 1 fragment for typeref_type.
[2023-05-15 16:51:37] Merging 1 fragment for file_extraction_mode.
[2023-05-15 16:51:37] Merging 1 fragment for attributes.
[2023-05-15 16:51:37] Merging 1 fragment for attribute_location.
[2023-05-15 16:51:37] Merging 1 fragment for types.
[2023-05-15 16:51:38] Merging 1 fragment for modifiers.
[2023-05-15 16:51:38] Merging 3 fragments for has_modifiers.
[2023-05-15 16:51:38] Merging 1 fragment for type_location.
[2023-05-15 16:51:38] Merging 1 fragment for expressions.
[2023-05-15 16:51:38] Merging 1 fragment for expr_parent_top_level.
[2023-05-15 16:51:38] Merging 1 fragment for expr_location.
[2023-05-15 16:51:38] Merging 1 fragment for expr_compiler_generated.
[2023-05-15 16:51:38] Merging 1 fragment for expr_value.
[2023-05-15 16:51:38] Merging 1 fragment for expr_parent.
[2023-05-15 16:51:38] Merging 1 fragment for expr_argument_name.
[2023-05-15 16:51:38] Merging 1 fragment for nullability.
[2023-05-15 16:51:38] Merging 3 fragments for type_nullability.
[2023-05-15 16:51:38] Merging 1 fragment for properties.
[2023-05-15 16:51:38] Merging 2 fragments for params.
[2023-05-15 16:51:38] Merging 2 fragments for param_location.
[2023-05-15 16:51:38] Merging 1 fragment for accessors.
[2023-05-15 16:51:38] Merging 1 fragment for accessor_location.
[2023-05-15 16:51:38] Merging 1 fragment for property_location.
[2023-05-15 16:51:38] Merging 1 fragment for constructors.
[2023-05-15 16:51:38] Merging 1 fragment for constructor_location.
[2023-05-15 16:51:38] Merging 1 fragment for methods.
[2023-05-15 16:51:38] Merging 1 fragment for method_location.
[2023-05-15 16:51:38] Merging 1 fragment for fields.
[2023-05-15 16:51:38] Merging 1 fragment for constant_value.
[2023-05-15 16:51:38] Merging 1 fragment for field_location.
[2023-05-15 16:51:38] Merging 1 fragment for overrides.
[2023-05-15 16:51:38] Merging 1 fragment for nested_types.
[2023-05-15 16:51:38] Merging 1 fragment for nullability_parent.
[2023-05-15 16:51:38] Merging 1 fragment for numlines.
[2023-05-15 16:51:38] Merging 1 fragment for compiler_generated.
[2023-05-15 16:51:38] Merging 1 fragment for explicitly_implements.
[2023-05-15 16:51:38] Merging 1 fragment for type_annotation.
[2023-05-15 16:51:38] Merging 1 fragment for constructed_generic.
[2023-05-15 16:51:38] Merging 1 fragment for type_arguments.
[2023-05-15 16:51:38] Merging 1 fragment for indexers.
[2023-05-15 16:51:38] Merging 1 fragment for indexer_location.
[2023-05-15 16:51:38] Merging 1 fragment for extend.
[2023-05-15 16:51:38] Merging 1 fragment for implement.
[2023-05-15 16:51:38] Merging 1 fragment for type_parameter_constraints.
[2023-05-15 16:51:38] Merging 1 fragment for general_type_parameter_constraints.
[2023-05-15 16:51:38] Merging 1 fragment for array_element_type.
[2023-05-15 16:51:38] Merging 1 fragment for delegate_return_type.
[2023-05-15 16:51:38] Merging 1 fragment for specific_type_parameter_constraints.
[2023-05-15 16:51:38] Merging 1 fragment for specific_type_parameter_nullability.
[2023-05-15 16:51:38] Merging 1 fragment for type_parameters.
[2023-05-15 16:51:38] Merging 1 fragment for nullable_underlying_type.
[2023-05-15 16:51:38] Merging 1 fragment for cil_event.
[2023-05-15 16:51:38] Merging 1 fragment for cil_adder.
[2023-05-15 16:51:38] Merging 1 fragment for cil_remover.
[2023-05-15 16:51:38] Merging 1 fragment for events.
[2023-05-15 16:51:38] Merging 1 fragment for event_accessors.
[2023-05-15 16:51:38] Merging 1 fragment for event_accessor_location.
[2023-05-15 16:51:38] Merging 1 fragment for event_location.
[2023-05-15 16:51:38] Merging 1 fragment for cil_parameter_in.
[2023-05-15 16:51:38] Merging 1 fragment for cil_enum_underlying_type.
[2023-05-15 16:51:38] Merging 1 fragment for cil_custom_modifiers.
[2023-05-15 16:51:38] Merging 1 fragment for enum_underlying_type.
[2023-05-15 16:51:38] Merging 1 fragment for operators.
[2023-05-15 16:51:38] Merging 1 fragment for operator_location.
[2023-05-15 16:51:38] Merging 1 fragment for locations_default.
[2023-05-15 16:51:38] Merging 1 fragment for tuple_underlying_type.
[2023-05-15 16:51:38] Merging 1 fragment for tuple_element.
[2023-05-15 16:51:38] Merging 1 fragment for init_only_accessors.
[2023-05-15 16:51:38] Merging 1 fragment for cil_security.
[2023-05-15 16:51:38] Merging 1 fragment for cil_pointer_type.
[2023-05-15 16:51:38] Merging 1 fragment for pointer_referent_type.
[2023-05-15 16:51:38] Merging 1 fragment for cil_function_pointer_return_type.
[2023-05-15 16:51:38] Merging 1 fragment for cil_function_pointer_calling_conventions.
[2023-05-15 16:51:38] Merging 1 fragment for destructors.
[2023-05-15 16:51:38] Merging 1 fragment for destructor_location.
[2023-05-15 16:51:38] Merging 1 fragment for function_pointer_calling_conventions.
[2023-05-15 16:51:38] Merging 1 fragment for function_pointer_return_type.
[2023-05-15 16:51:38] Merging 1 fragment for cil_access.
[2023-05-15 16:51:38] Merging 1 fragment for cil_jump.
[2023-05-15 16:51:38] Merging 1 fragment for cil_handler.
[2023-05-15 16:51:38] Merging 1 fragment for cil_local_variable.
[2023-05-15 16:51:38] Merging 1 fragment for using_directive_location.
[2023-05-15 16:51:38] Merging 1 fragment for type_mention.
[2023-05-15 16:51:38] Merging 1 fragment for type_mention_location.
[2023-05-15 16:51:38] Merging 1 fragment for expr_flowstate.
[2023-05-15 16:51:38] Merging 1 fragment for expr_access.
[2023-05-15 16:51:38] Merging 1 fragment for expr_call.
[2023-05-15 16:51:38] Merging 1 fragment for statements.
[2023-05-15 16:51:38] Merging 1 fragment for stmt_parent_top_level.
[2023-05-15 16:51:38] Merging 1 fragment for stmt_parent.
[2023-05-15 16:51:38] Merging 1 fragment for stmt_location.
[2023-05-15 16:51:38] Merging 1 fragment for expr_argument.
[2023-05-15 16:51:38] Merging 1 fragment for conditional_access.
[2023-05-15 16:51:38] Merging 1 fragment for using_namespace_directives.
[2023-05-15 16:51:38] Merging 1 fragment for namespace_declarations.
[2023-05-15 16:51:38] Merging 1 fragment for namespace_declaration_location.
[2023-05-15 16:51:38] Merging 1 fragment for parent_namespace_declaration.
[2023-05-15 16:51:38] Merging 1 fragment for localvars.
[2023-05-15 16:51:38] Merging 1 fragment for localvar_location.
[2023-05-15 16:51:38] Merging 1 fragment for commentblock.
[2023-05-15 16:51:38] Merging 1 fragment for commentblock_location.
[2023-05-15 16:51:38] Merging 1 fragment for commentblock_binding.
[2023-05-15 16:51:38] Merging 1 fragment for commentline.
[2023-05-15 16:51:38] Merging 1 fragment for commentline_location.
[2023-05-15 16:51:38] Merging 1 fragment for commentblock_child.
[2023-05-15 16:51:38] Merging 1 fragment for xmllocations.
[2023-05-15 16:51:38] Merging 1 fragment for xmlElements.
[2023-05-15 16:51:38] Merging 1 fragment for xmlAttrs.
[2023-05-15 16:51:38] Merging 1 fragment for xmlChars.
[2023-05-15 16:51:38] Merging 1 fragment for xmlEncoding.
[2023-05-15 16:51:38] Merging 1 fragment for using_global.
[2023-05-15 16:51:38] Merging 1 fragment for compilations.
[2023-05-15 16:51:38] Merging 1 fragment for compilation_assembly.
[2023-05-15 16:51:38] Merging 1 fragment for compilation_args.
[2023-05-15 16:51:38] Merging 1 fragment for compilation_compiling_files.
[2023-05-15 16:51:38] Merging 1 fragment for compilation_referencing_files.
[2023-05-15 16:51:38] Merging 1 fragment for diagnostics.
[2023-05-15 16:51:38] Merging 1 fragment for diagnostic_for.
[2023-05-15 16:51:38] Merging 1 fragment for compilation_time.
[2023-05-15 16:51:38] Merging 1 fragment for compilation_finished.
[2023-05-15 16:51:38] Merging 1 fragment for xmlNs.
[2023-05-15 16:51:38] Merging 1 fragment for xmlHasNs.
[2023-05-15 16:51:38] Merging 1 fragment for sourceLocationPrefix.
[2023-05-15 16:51:38] Saving string and id pools to disk.
[2023-05-15 16:51:39] Finished importing trap files.
[2023-05-15 16:51:39] Pausing evaluation to close the cache at sequence stamp o+3
[2023-05-15 16:51:39] The disk cache is freshly trimmed; leave it be.
[2023-05-15 16:51:39] Unpausing evaluation
[2023-05-15 16:51:39] Plumbing command codeql dataset import completed.
[2023-05-15 16:51:39] [PROGRESS] database finalize> TRAP import complete (13.4s).
[2023-05-15 16:51:39] Running plumbing command: codeql database cleanup --mode=normal -- C:\ptk-install\codeql-one\dotnet-demo-one\ptkone
[2023-05-15 16:51:39] [PROGRESS] database cleanup> Cleaning up existing TRAP files after import...
[2023-05-15 16:51:40] [PROGRESS] database cleanup> TRAP files cleaned up (674ms).
[2023-05-15 16:51:40] [PROGRESS] database cleanup> Cleaning up scratch directory...
[2023-05-15 16:51:40] [PROGRESS] database cleanup> Scratch directory cleaned up (4ms).
[2023-05-15 16:51:40] Running plumbing command: codeql dataset cleanup --mode=normal -- C:\ptk-install\codeql-one\dotnet-demo-one\ptkone\db-csharp
[2023-05-15 16:51:40] [PROGRESS] dataset cleanup> Cleaning up dataset in C:\ptk-install\codeql-one\dotnet-demo-one\ptkone\db-csharp.
[2023-05-15 16:51:40] Trimming disk cache at C:\ptk-install\codeql-one\dotnet-demo-one\ptkone\db-csharp\default\cache in mode normal.
[2023-05-15 16:51:40] Sequence stamp origin is -6320518109297379595
[2023-05-15 16:51:40] Pausing evaluation to zealously trim disk at sequence stamp o+0
[2023-05-15 16:51:40] Unpausing evaluation
[2023-05-15 16:51:40] Trimming completed (9ms): Trimmed disposable data from cache.
[2023-05-15 16:51:40] Pausing evaluation to close the cache at sequence stamp o+1
[2023-05-15 16:51:40] The disk cache is freshly trimmed; leave it be.
[2023-05-15 16:51:40] Unpausing evaluation
[2023-05-15 16:51:40] [PROGRESS] dataset cleanup> Trimmed disposable data from cache.
[2023-05-15 16:51:40] [PROGRESS] dataset cleanup> Finalizing dataset in C:\ptk-install\codeql-one\dotnet-demo-one\ptkone\db-csharp
[2023-05-15 16:51:40] [DETAILS] dataset cleanup> Finished deleting ID pool from C:\ptk-install\codeql-one\dotnet-demo-one\ptkone\db-csharp (51ms).
[2023-05-15 16:51:40] Plumbing command codeql dataset cleanup completed.
[2023-05-15 16:51:40] Plumbing command codeql database cleanup completed with status 0.
[2023-05-15 16:51:40] Plumbing command codeql database finalize completed.
[2023-05-15 16:51:40] [PROGRESS] database create> Successfully created database at C:\ptk-install\codeql-one\dotnet-demo-one\ptkone.
[2023-05-15 16:51:40] Terminating normally.
